2025-05-07 20:56:17,215 - INFO - NVTabular version: 23.08.00
2025-05-07 20:56:17,215 - INFO - cuDF version: 23.04.01
2025-05-07 20:56:17,215 - INFO - Pandas version: 1.5.3
2025-05-07 20:56:17,217 - INFO - visible_devices: 0
2025-05-07 20:56:17,217 - INFO - Device size: 25.33 GB
2025-05-07 20:56:17,217 - INFO - Device limit: 17.73 GB
2025-05-07 20:56:17,217 - INFO - Device pool size: 20.26 GB
2025-05-07 20:56:17,644 - INFO - To route to workers diagnostics web server please install jupyter-server-proxy: python -m pip install jupyter-server-proxy
2025-05-07 20:56:17,670 - INFO - State start
2025-05-07 20:56:17,678 - INFO -   Scheduler at:     tcp://127.0.0.1:40337
2025-05-07 20:56:17,678 - INFO -   dashboard at:  http://127.0.0.1:8787/status
2025-05-07 20:56:17,792 - INFO -         Start Nanny at: 'tcp://127.0.0.1:45349'
2025-05-07 20:56:24,081 - INFO - Register worker <WorkerState 'tcp://127.0.0.1:41459', name: 0, status: init, memory: 0, processing: 0>
2025-05-07 20:56:24,112 - INFO - Starting worker compute stream, tcp://127.0.0.1:41459
2025-05-07 20:56:24,112 - INFO - Starting established connection to tcp://127.0.0.1:43680
2025-05-07 20:56:24,131 - INFO - Receive client connection: Client-f8f0d490-2b74-11f0-a950-506b4bdbc6c4
2025-05-07 20:56:24,132 - INFO - Starting established connection to tcp://127.0.0.1:43690
2025-05-07 20:56:24,137 - INFO - Found 1024 training files
2025-05-07 20:56:24,137 - INFO - First file: /mnt/scratch/yuzhuyu/parquet/criteo_1TB/criteo_1TB_part_0991.parquet
2025-05-07 20:56:24,138 - INFO - Last file: /mnt/scratch/yuzhuyu/parquet/criteo_1TB/criteo_1TB_part_0855.parquet
2025-05-07 20:56:24,491 - INFO - Total data size: 1473.35 GB
2025-05-07 20:56:24,491 - INFO - Setting up workflow...
2025-05-07 20:56:24,492 - INFO - Creating dataset...
2025-05-07 20:56:25,515 - INFO - Dataset created successfully with cuDF engine
2025-05-07 20:56:25,515 - INFO - Part size: 256MB
2025-05-07 20:56:25,515 - INFO - Fitting workflow...
2025-05-07 20:56:25,516 - INFO - Initial GPU 0 memory usage: 20.96 GB
2025-05-07 20:56:28,144 - INFO - GPU 0 memory usage after fitting: 20.96 GB
2025-05-07 20:56:28,144 - INFO - Workflow fitting completed in 2.63 seconds
2025-05-07 20:56:28,144 - INFO - Transforming dataset...
2025-05-07 20:56:32,204 - INFO - GPU 0 memory usage: 21.24 GB
2025-05-07 20:56:34,377 - INFO - GPU 0 memory usage: 21.24 GB
2025-05-07 20:56:38,861 - INFO - GPU 0 memory usage: 21.24 GB
2025-05-07 20:56:58,583 - INFO - GPU 0 memory usage: 21.24 GB
2025-05-07 20:57:01,017 - INFO - GPU 0 memory usage: 21.24 GB
2025-05-07 20:57:03,492 - INFO - GPU 0 memory usage: 21.24 GB
2025-05-07 20:57:06,083 - INFO - GPU 0 memory usage: 21.24 GB
2025-05-07 20:57:08,493 - INFO - GPU 0 memory usage: 21.24 GB
2025-05-07 20:57:25,699 - INFO - GPU 0 memory usage: 21.24 GB
2025-05-07 20:57:28,168 - INFO - GPU 0 memory usage: 21.24 GB
2025-05-07 20:57:30,556 - INFO - GPU 0 memory usage: 21.24 GB
2025-05-07 20:58:00,610 - INFO - GPU 0 memory usage: 21.24 GB
2025-05-07 20:58:59,188 - INFO - GPU 0 memory usage: 21.24 GB
2025-05-07 21:00:02,995 - INFO - GPU 0 memory usage: 21.24 GB
2025-05-07 21:01:06,163 - INFO - GPU 0 memory usage: 21.24 GB
2025-05-07 21:02:03,189 - INFO - GPU 0 memory usage: 21.24 GB
2025-05-07 21:03:01,162 - INFO - GPU 0 memory usage: 21.24 GB
2025-05-07 21:03:41,957 - INFO - GPU 0 memory usage: 21.24 GB
2025-05-07 21:04:25,690 - INFO - GPU 0 memory usage: 21.24 GB
2025-05-07 21:05:18,001 - INFO - GPU 0 memory usage: 21.24 GB
2025-05-07 21:06:08,940 - INFO - GPU 0 memory usage: 21.24 GB
2025-05-07 21:07:05,439 - INFO - GPU 0 memory usage: 21.24 GB
2025-05-07 21:08:01,479 - INFO - GPU 0 memory usage: 21.24 GB
2025-05-07 21:08:17,547 - INFO - GPU 0 memory usage: 21.24 GB
2025-05-07 21:09:14,204 - INFO - GPU 0 memory usage: 21.24 GB
2025-05-07 21:10:17,942 - INFO - GPU 0 memory usage: 21.24 GB
2025-05-07 21:11:13,256 - INFO - GPU 0 memory usage: 21.24 GB
2025-05-07 21:12:13,180 - INFO - GPU 0 memory usage: 21.24 GB
2025-05-07 21:13:15,205 - INFO - GPU 0 memory usage: 21.24 GB
2025-05-07 21:14:14,679 - INFO - GPU 0 memory usage: 21.24 GB
2025-05-07 21:15:02,752 - INFO - GPU 0 memory usage: 21.24 GB
2025-05-07 21:15:56,854 - INFO - GPU 0 memory usage: 21.24 GB
2025-05-07 21:16:52,627 - INFO - GPU 0 memory usage: 21.24 GB
2025-05-07 21:17:45,121 - INFO - GPU 0 memory usage: 21.24 GB
2025-05-07 21:18:37,328 - INFO - GPU 0 memory usage: 21.24 GB
2025-05-07 21:19:33,030 - INFO - GPU 0 memory usage: 21.24 GB
2025-05-07 21:20:27,231 - INFO - GPU 0 memory usage: 21.24 GB
2025-05-07 21:21:22,245 - INFO - GPU 0 memory usage: 21.24 GB
2025-05-07 21:22:09,857 - INFO - GPU 0 memory usage: 21.24 GB
2025-05-07 21:23:04,958 - INFO - GPU 0 memory usage: 21.24 GB
2025-05-07 21:24:00,781 - INFO - GPU 0 memory usage: 21.24 GB
2025-05-07 21:24:54,170 - INFO - GPU 0 memory usage: 21.24 GB
2025-05-07 21:25:47,742 - INFO - GPU 0 memory usage: 21.24 GB
2025-05-07 21:26:43,903 - INFO - GPU 0 memory usage: 21.24 GB
2025-05-07 21:27:37,337 - INFO - GPU 0 memory usage: 21.24 GB
2025-05-07 21:28:28,440 - INFO - GPU 0 memory usage: 21.24 GB
2025-05-07 21:29:21,760 - INFO - GPU 0 memory usage: 21.24 GB
2025-05-07 21:30:15,258 - INFO - GPU 0 memory usage: 21.24 GB
2025-05-07 21:31:07,798 - INFO - GPU 0 memory usage: 21.24 GB
2025-05-07 21:32:02,803 - INFO - GPU 0 memory usage: 21.24 GB
2025-05-07 21:32:55,430 - INFO - GPU 0 memory usage: 21.24 GB
2025-05-07 21:33:49,751 - INFO - GPU 0 memory usage: 21.24 GB
2025-05-07 21:34:41,979 - INFO - GPU 0 memory usage: 21.24 GB
2025-05-07 21:35:33,367 - INFO - GPU 0 memory usage: 21.24 GB
2025-05-07 21:36:26,102 - INFO - GPU 0 memory usage: 21.24 GB
2025-05-07 21:37:20,411 - INFO - GPU 0 memory usage: 21.24 GB
2025-05-07 21:38:11,060 - INFO - GPU 0 memory usage: 21.24 GB
2025-05-07 21:39:01,655 - INFO - GPU 0 memory usage: 21.24 GB
2025-05-07 21:39:49,927 - INFO - GPU 0 memory usage: 21.24 GB
2025-05-07 21:40:39,279 - INFO - GPU 0 memory usage: 21.24 GB
2025-05-07 21:41:33,090 - INFO - GPU 0 memory usage: 21.24 GB
2025-05-07 21:42:26,641 - INFO - GPU 0 memory usage: 21.24 GB
2025-05-07 21:43:22,880 - INFO - GPU 0 memory usage: 21.24 GB
2025-05-07 21:44:20,878 - INFO - GPU 0 memory usage: 21.24 GB
2025-05-07 21:45:14,617 - INFO - GPU 0 memory usage: 21.24 GB
2025-05-07 21:46:11,393 - INFO - GPU 0 memory usage: 21.24 GB
2025-05-07 21:47:04,304 - INFO - GPU 0 memory usage: 21.24 GB
2025-05-07 21:47:59,881 - INFO - GPU 0 memory usage: 21.24 GB
2025-05-07 21:48:56,224 - INFO - GPU 0 memory usage: 21.24 GB
2025-05-07 21:49:48,066 - INFO - GPU 0 memory usage: 21.24 GB
2025-05-07 21:50:40,745 - INFO - GPU 0 memory usage: 21.24 GB
2025-05-07 21:51:33,120 - INFO - GPU 0 memory usage: 21.24 GB
2025-05-07 21:52:27,470 - INFO - GPU 0 memory usage: 21.24 GB
2025-05-07 21:53:25,322 - INFO - GPU 0 memory usage: 21.24 GB
2025-05-07 21:54:15,574 - INFO - GPU 0 memory usage: 21.24 GB
2025-05-07 21:55:09,417 - INFO - GPU 0 memory usage: 21.24 GB
2025-05-07 21:56:02,858 - INFO - GPU 0 memory usage: 21.24 GB
2025-05-07 21:56:55,840 - INFO - GPU 0 memory usage: 21.24 GB
2025-05-07 21:57:46,525 - INFO - GPU 0 memory usage: 21.24 GB
2025-05-07 21:58:36,013 - INFO - GPU 0 memory usage: 21.24 GB
2025-05-07 21:59:28,943 - INFO - GPU 0 memory usage: 21.24 GB
2025-05-07 22:00:21,048 - INFO - GPU 0 memory usage: 21.24 GB
2025-05-07 22:01:14,636 - INFO - GPU 0 memory usage: 21.24 GB
2025-05-07 22:02:10,551 - INFO - GPU 0 memory usage: 21.24 GB
2025-05-07 22:03:02,087 - INFO - GPU 0 memory usage: 21.24 GB
2025-05-07 22:03:53,089 - INFO - GPU 0 memory usage: 21.24 GB
2025-05-07 22:04:44,475 - INFO - GPU 0 memory usage: 21.24 GB
2025-05-07 22:05:36,066 - INFO - GPU 0 memory usage: 21.24 GB
2025-05-07 22:06:23,133 - INFO - GPU 0 memory usage: 21.24 GB
2025-05-07 22:07:18,484 - INFO - GPU 0 memory usage: 21.24 GB
2025-05-07 22:08:11,845 - INFO - GPU 0 memory usage: 21.24 GB
2025-05-07 22:08:12,047 - INFO - Connection to tcp://127.0.0.1:43680 has been closed.
2025-05-07 22:08:12,049 - INFO - Remove worker <WorkerState 'tcp://127.0.0.1:41459', name: 0, status: running, memory: 0, processing: 0>
2025-05-07 22:08:12,050 - INFO - Removing comms to tcp://127.0.0.1:41459
2025-05-07 22:08:12,052 - INFO - Lost all workers
2025-05-07 22:08:12,065 - INFO - Closing Nanny gracefully at 'tcp://127.0.0.1:45349'. Reason: worker-close
2025-05-07 22:08:13,392 - INFO - Worker process 2255479 was killed by signal 2
2025-05-07 22:08:13,394 - INFO - Closing Nanny at 'tcp://127.0.0.1:45349'. Reason: nanny-close-gracefully
2025-05-07 22:08:17,157 - INFO - Scheduler closing...
2025-05-07 22:08:17,159 - INFO - Scheduler closing all comms
