2025-05-09 08:40:38,443 - INFO - NVTabular version: 23.08.00
2025-05-09 08:40:38,443 - INFO - cuDF version: 23.04.01
2025-05-09 08:40:38,443 - INFO - Pandas version: 1.5.3
2025-05-09 08:40:38,446 - INFO - Creating preload: dask_cuda.initialize
2025-05-09 08:40:38,447 - INFO - Import preload module: dask_cuda.initialize
2025-05-09 08:40:38,519 - INFO - Run preload setup: dask_cuda.initialize
2025-05-09 08:40:38,686 - INFO -       Start worker at:      tcp://127.0.0.1:36059
2025-05-09 08:40:38,686 - INFO -          Listening to:      tcp://127.0.0.1:36059
2025-05-09 08:40:38,686 - INFO -           Worker name:                          0
2025-05-09 08:40:38,686 - INFO -          dashboard at:            127.0.0.1:46861
2025-05-09 08:40:38,686 - INFO - Waiting to connect to:      tcp://127.0.0.1:34173
2025-05-09 08:40:38,686 - INFO - -------------------------------------------------
2025-05-09 08:40:38,686 - INFO -               Threads:                          1
2025-05-09 08:40:38,686 - INFO -                Memory:                 251.74 GiB
2025-05-09 08:40:38,686 - INFO -       Local Directory: /tmp/dask-worker-space/worker-lug0n_cc
2025-05-09 08:40:38,686 - INFO - Starting Worker plugin PreImport-2d2a7f00-8025-45c8-8d35-7523f5c9ad2f
2025-05-09 08:40:38,686 - INFO - Starting Worker plugin RMMSetup-069e2a68-f41b-4506-a501-e2d8d329f506
2025-05-09 08:40:43,366 - INFO - Starting Worker plugin CPUAffinity-cb29ccbe-2dac-4d01-9cc7-d6e4cd8da6de
2025-05-09 08:40:43,368 - INFO - -------------------------------------------------
2025-05-09 08:40:43,475 - INFO -         Registered to:      tcp://127.0.0.1:34173
2025-05-09 08:40:43,475 - INFO - -------------------------------------------------
2025-05-09 08:40:43,477 - INFO - Starting established connection to tcp://127.0.0.1:34173
2025-05-09 08:40:45,655 - INFO - Run out-of-band function 'clean_worker_cache'
2025-05-09 08:41:45,210 - INFO - full garbage collection released 39.51 MiB from 177 reference cycles (threshold: 9.54 MiB)
2025-05-09 08:47:15,285 - INFO - full garbage collection released 333.08 MiB from 611 reference cycles (threshold: 9.54 MiB)
2025-05-09 08:51:28,901 - INFO - Event loop was unresponsive in Worker for 26.33s.  This is often caused by long-running GIL-holding functions or moving large chunks of data. This can cause timeouts and instability.
2025-05-09 08:52:01,093 - INFO - Event loop was unresponsive in Worker for 32.19s.  This is often caused by long-running GIL-holding functions or moving large chunks of data. This can cause timeouts and instability.
2025-05-09 08:52:18,408 - INFO - Event loop was unresponsive in Worker for 17.32s.  This is often caused by long-running GIL-holding functions or moving large chunks of data. This can cause timeouts and instability.
2025-05-09 08:52:41,581 - INFO - Event loop was unresponsive in Worker for 23.17s.  This is often caused by long-running GIL-holding functions or moving large chunks of data. This can cause timeouts and instability.
2025-05-09 08:52:59,900 - INFO - Event loop was unresponsive in Worker for 18.32s.  This is often caused by long-running GIL-holding functions or moving large chunks of data. This can cause timeouts and instability.
2025-05-09 08:53:19,918 - INFO - Event loop was unresponsive in Worker for 20.02s.  This is often caused by long-running GIL-holding functions or moving large chunks of data. This can cause timeouts and instability.
2025-05-09 08:56:04,844 - INFO - Event loop was unresponsive in Worker for 20.27s.  This is often caused by long-running GIL-holding functions or moving large chunks of data. This can cause timeouts and instability.
2025-05-09 08:56:23,775 - INFO - Event loop was unresponsive in Worker for 18.93s.  This is often caused by long-running GIL-holding functions or moving large chunks of data. This can cause timeouts and instability.
2025-05-09 08:56:42,172 - INFO - Event loop was unresponsive in Worker for 18.40s.  This is often caused by long-running GIL-holding functions or moving large chunks of data. This can cause timeouts and instability.
2025-05-09 08:56:56,082 - INFO - Event loop was unresponsive in Worker for 13.91s.  This is often caused by long-running GIL-holding functions or moving large chunks of data. This can cause timeouts and instability.
2025-05-09 08:57:16,164 - INFO - Event loop was unresponsive in Worker for 20.08s.  This is often caused by long-running GIL-holding functions or moving large chunks of data. This can cause timeouts and instability.
2025-05-09 08:57:28,947 - INFO - Event loop was unresponsive in Worker for 12.78s.  This is often caused by long-running GIL-holding functions or moving large chunks of data. This can cause timeouts and instability.
2025-05-09 09:00:13,089 - INFO - Event loop was unresponsive in Worker for 25.31s.  This is often caused by long-running GIL-holding functions or moving large chunks of data. This can cause timeouts and instability.
2025-05-09 09:00:38,948 - INFO - Event loop was unresponsive in Worker for 25.86s.  This is often caused by long-running GIL-holding functions or moving large chunks of data. This can cause timeouts and instability.
2025-05-09 09:01:00,950 - INFO - Event loop was unresponsive in Worker for 22.00s.  This is often caused by long-running GIL-holding functions or moving large chunks of data. This can cause timeouts and instability.
2025-05-09 09:01:26,751 - INFO - Event loop was unresponsive in Worker for 25.80s.  This is often caused by long-running GIL-holding functions or moving large chunks of data. This can cause timeouts and instability.
2025-05-09 09:01:49,618 - INFO - Event loop was unresponsive in Worker for 22.87s.  This is often caused by long-running GIL-holding functions or moving large chunks of data. This can cause timeouts and instability.
2025-05-09 09:02:08,403 - INFO - Event loop was unresponsive in Worker for 18.79s.  This is often caused by long-running GIL-holding functions or moving large chunks of data. This can cause timeouts and instability.
2025-05-09 09:03:42,209 - INFO - Event loop was unresponsive in Worker for 23.33s.  This is often caused by long-running GIL-holding functions or moving large chunks of data. This can cause timeouts and instability.
2025-05-09 09:04:03,910 - INFO - Event loop was unresponsive in Worker for 21.70s.  This is often caused by long-running GIL-holding functions or moving large chunks of data. This can cause timeouts and instability.
2025-05-09 09:04:23,751 - INFO - Event loop was unresponsive in Worker for 19.84s.  This is often caused by long-running GIL-holding functions or moving large chunks of data. This can cause timeouts and instability.
2025-05-09 09:04:42,757 - INFO - Event loop was unresponsive in Worker for 19.01s.  This is often caused by long-running GIL-holding functions or moving large chunks of data. This can cause timeouts and instability.
2025-05-09 09:05:03,806 - INFO - Event loop was unresponsive in Worker for 21.05s.  This is often caused by long-running GIL-holding functions or moving large chunks of data. This can cause timeouts and instability.
2025-05-09 09:05:10,218 - INFO - Event loop was unresponsive in Worker for 6.41s.  This is often caused by long-running GIL-holding functions or moving large chunks of data. This can cause timeouts and instability.
2025-05-09 09:07:55,644 - INFO - Event loop was unresponsive in Worker for 22.07s.  This is often caused by long-running GIL-holding functions or moving large chunks of data. This can cause timeouts and instability.
2025-05-09 09:08:14,453 - INFO - Event loop was unresponsive in Worker for 18.81s.  This is often caused by long-running GIL-holding functions or moving large chunks of data. This can cause timeouts and instability.
2025-05-09 09:08:26,749 - INFO - Event loop was unresponsive in Worker for 12.30s.  This is often caused by long-running GIL-holding functions or moving large chunks of data. This can cause timeouts and instability.
2025-05-09 09:08:45,681 - INFO - Event loop was unresponsive in Worker for 18.93s.  This is often caused by long-running GIL-holding functions or moving large chunks of data. This can cause timeouts and instability.
2025-05-09 09:09:07,368 - INFO - Event loop was unresponsive in Worker for 21.69s.  This is often caused by long-running GIL-holding functions or moving large chunks of data. This can cause timeouts and instability.
2025-05-09 09:09:22,537 - INFO - Event loop was unresponsive in Worker for 15.17s.  This is often caused by long-running GIL-holding functions or moving large chunks of data. This can cause timeouts and instability.
2025-05-09 09:10:59,348 - INFO - Event loop was unresponsive in Worker for 23.47s.  This is often caused by long-running GIL-holding functions or moving large chunks of data. This can cause timeouts and instability.
2025-05-09 09:11:18,980 - INFO - Event loop was unresponsive in Worker for 19.63s.  This is often caused by long-running GIL-holding functions or moving large chunks of data. This can cause timeouts and instability.
2025-05-09 09:11:38,908 - INFO - Event loop was unresponsive in Worker for 19.93s.  This is often caused by long-running GIL-holding functions or moving large chunks of data. This can cause timeouts and instability.
2025-05-09 09:11:58,518 - INFO - Event loop was unresponsive in Worker for 19.61s.  This is often caused by long-running GIL-holding functions or moving large chunks of data. This can cause timeouts and instability.
2025-05-09 09:12:17,286 - INFO - Event loop was unresponsive in Worker for 18.77s.  This is often caused by long-running GIL-holding functions or moving large chunks of data. This can cause timeouts and instability.
2025-05-09 09:12:30,335 - INFO - Event loop was unresponsive in Worker for 13.05s.  This is often caused by long-running GIL-holding functions or moving large chunks of data. This can cause timeouts and instability.
2025-05-09 09:15:09,023 - INFO - Event loop was unresponsive in Worker for 22.55s.  This is often caused by long-running GIL-holding functions or moving large chunks of data. This can cause timeouts and instability.
2025-05-09 09:15:28,353 - INFO - Event loop was unresponsive in Worker for 19.33s.  This is often caused by long-running GIL-holding functions or moving large chunks of data. This can cause timeouts and instability.
2025-05-09 09:15:40,371 - INFO - Event loop was unresponsive in Worker for 12.02s.  This is often caused by long-running GIL-holding functions or moving large chunks of data. This can cause timeouts and instability.
2025-05-09 09:15:59,078 - INFO - Event loop was unresponsive in Worker for 18.71s.  This is often caused by long-running GIL-holding functions or moving large chunks of data. This can cause timeouts and instability.
2025-05-09 09:16:17,655 - INFO - Event loop was unresponsive in Worker for 18.58s.  This is often caused by long-running GIL-holding functions or moving large chunks of data. This can cause timeouts and instability.
2025-05-09 09:16:30,124 - INFO - Event loop was unresponsive in Worker for 12.47s.  This is often caused by long-running GIL-holding functions or moving large chunks of data. This can cause timeouts and instability.
2025-05-09 09:17:57,058 - INFO - Event loop was unresponsive in Worker for 26.46s.  This is often caused by long-running GIL-holding functions or moving large chunks of data. This can cause timeouts and instability.
2025-05-09 09:18:16,042 - INFO - Event loop was unresponsive in Worker for 18.98s.  This is often caused by long-running GIL-holding functions or moving large chunks of data. This can cause timeouts and instability.
2025-05-09 09:18:22,451 - WARNING - Compute Failed
Key:       ('reduce_1-92f78663419de070f1acf8866a06c170', 0, 0, 0, 3)
Function:  _mid_level_groupby
args:      ([pyarrow.Table
col_14: int64
col_14_size: int64
----
col_14: [[364793721,125092146,136255482,266830812,499343240,...,109274283,124283963,347461156,120405483,493303112]]
col_14_size: [[1,2,1,1,1,...,1,1,1,2,1]], pyarrow.Table
col_14: int64
col_14_size: int64
----
col_14: [[403097528,227366788,519938580,179214145,314436049,...,117386572,279377235,118250948,486354448,212729366]]
col_14_size: [[1,2,1,1,1,...,1,1,2,1,1]], pyarrow.Table
col_14: int64
col_14_size: int64
----
col_14: [[99942057,328422048,303194896,254240051,478864100,...,305039539,321408435,221070620,32737287,404587709]]
col_14_size: [[1,1,1,1,2,...,1,1,1,1,1]], pyarrow.Table
col_14: int64
col_14_size: int64
----
col_14: [[146966303,138126641,31304802,325812138,523747413,...,84940085,228409429,468483964,165131969,245576208]]
col_14_size: [[2,1,1,1,1,...,1,1,1,1,1]], pyarrow.Table
col_14: int64
col_14_size: int64
----
col_14: [[246113703,332041429,274313780,353397253,149250319,...,32154784,403024939,521455462,13693601,29613272
kwargs:    {}
Exception: "MemoryError('std::bad_alloc: out_of_memory: RMM failure at:/home/yuzhuyu/miniconda3/envs/nvtabular_23_08/include/rmm/mr/device/pool_memory_resource.hpp:195: Maximum pool size exceeded')"

2025-05-09 09:18:34,614 - INFO - Event loop was unresponsive in Worker for 18.57s.  This is often caused by long-running GIL-holding functions or moving large chunks of data. This can cause timeouts and instability.
