2025-05-07 19:59:42,956 - INFO - NVTabular version: 23.08.00
2025-05-07 19:59:42,956 - INFO - cuDF version: 23.04.01
2025-05-07 19:59:42,956 - INFO - Pandas version: 1.5.3
2025-05-07 19:59:42,960 - INFO - Creating preload: dask_cuda.initialize
2025-05-07 19:59:42,960 - INFO - Import preload module: dask_cuda.initialize
2025-05-07 19:59:42,981 - INFO - Run preload setup: dask_cuda.initialize
2025-05-07 19:59:43,140 - INFO -       Start worker at:      tcp://127.0.0.1:37577
2025-05-07 19:59:43,140 - INFO -          Listening to:      tcp://127.0.0.1:37577
2025-05-07 19:59:43,140 - INFO -           Worker name:                          0
2025-05-07 19:59:43,140 - INFO -          dashboard at:            127.0.0.1:38563
2025-05-07 19:59:43,140 - INFO - Waiting to connect to:      tcp://127.0.0.1:39467
2025-05-07 19:59:43,140 - INFO - -------------------------------------------------
2025-05-07 19:59:43,140 - INFO -               Threads:                          1
2025-05-07 19:59:43,140 - INFO -                Memory:                 251.74 GiB
2025-05-07 19:59:43,140 - INFO -       Local Directory: /tmp/dask-worker-space/worker-ktjqaaz7
2025-05-07 19:59:43,140 - INFO - Starting Worker plugin RMMSetup-59e0bb16-8041-43c9-a75b-0cb8419ef003
2025-05-07 19:59:43,708 - INFO - Starting Worker plugin PreImport-102f44e9-5630-40f2-884b-a39b487a0043
2025-05-07 19:59:43,708 - INFO - Starting Worker plugin CPUAffinity-01913171-e0a1-49f5-9454-c68ef2b8b8b7
2025-05-07 19:59:43,709 - INFO - -------------------------------------------------
2025-05-07 19:59:43,751 - INFO -         Registered to:      tcp://127.0.0.1:39467
2025-05-07 19:59:43,751 - INFO - -------------------------------------------------
2025-05-07 19:59:43,753 - INFO - Starting established connection to tcp://127.0.0.1:39467
2025-05-07 19:59:47,091 - INFO - Run out-of-band function 'clean_worker_cache'
2025-05-07 19:59:47,742 - ERROR - Failed to transform operator <merlin.dag.ops.udf.UDF object at 0x7feb8a4d1750>
Traceback (most recent call last):
  File "/home/yuzhuyu/miniconda3/envs/nvtabular_23_08/lib/python3.10/site-packages/merlin/dag/executors.py", line 237, in _run_node_transform
    transformed_data = node.op.transform(selection, input_data)
  File "/home/yuzhuyu/miniconda3/envs/nvtabular_23_08/lib/python3.10/site-packages/merlin/dag/ops/udf.py", line 78, in transform
    new_df[col] = self.f(transformable[col])
  File "/home/yuzhuyu/u55c/rec_preprocessing/nvtabular_gpu_1TB_8k_no_vocab_dask.py", line 158, in <lambda>
    lambda col: col.map_partitions(
AttributeError: 'Series' object has no attribute 'map_partitions'
2025-05-07 19:59:47,814 - WARNING - Compute Failed
Key:       ('transform-63855b15e9eac7ba52dba2e41eb9e556', 0)
Function:  subgraph_callable-d9b2a624-c487-4c8a-ba2b-78e7cbc6
args:      ({'piece': ('/mnt/scratch/yuzhuyu/parquet/criteo_1TB/criteo_1TB_part_0000.parquet', [0, 1, 2, 3], [])})
kwargs:    {}
Exception: 'AttributeError("\'Series\' object has no attribute \'map_partitions\'")'

2025-05-07 19:59:47,928 - INFO - Stopping worker at tcp://127.0.0.1:37577. Reason: nanny-close
2025-05-07 19:59:47,929 - INFO - Connection to tcp://127.0.0.1:39467 has been closed.
