0, 2, 24576
0, 2, 24576
0, 2, 24576
0, 2, 24576
0, 2, 24576
0, 2, 24576
0, 2, 24576
0, 2, 24576
0, 5, 24576
1, 2, 24576
0, 2, 24576
1, 2, 24576
0, 264, 24576
0, 2, 24576
0, 2, 24576
0, 2, 24576
0, 264, 24576
0, 2, 24576
0, 2, 24576
0, 2, 24576
0, 264, 24576
0, 2, 24576
0, 2, 24576
0, 2, 24576
0, 264, 24576
0, 2, 24576
0, 2, 24576
0, 2, 24576
0, 264, 24576
0, 2, 24576
0, 2, 24576
0, 2, 24576
0, 264, 24576
0, 2, 24576
0, 2, 24576
0, 2, 24576
0, 264, 24576
0, 2, 24576
0, 2, 24576
0, 2, 24576
0, 264, 24576
0, 2, 24576
0, 2, 24576
0, 2, 24576
0, 280, 24576
0, 2, 24576
0, 2, 24576
0, 2, 24576
0, 19918, 24576
0, 2, 24576
0, 2, 24576
0, 2, 24576
1, 19990, 24576
0, 2, 24576
0, 2, 24576
0, 2, 24576
0, 19990, 24576
0, 2, 24576
0, 2, 24576
0, 2, 24576
0, 19990, 24576
0, 2, 24576
0, 2, 24576
0, 2, 24576
0, 19990, 24576
0, 2, 24576
0, 2, 24576
0, 2, 24576
0, 20422, 24576
0, 2, 24576
0, 2, 24576
0, 2, 24576
62, 20730, 24576
0, 2, 24576
0, 2, 24576
0, 2, 24576
56, 20688, 24576
0, 2, 24576
0, 2, 24576
0, 2, 24576
53, 20476, 24576
0, 2, 24576
0, 2, 24576
0, 2, 24576
46, 20346, 24576
0, 2, 24576
0, 2, 24576
0, 2, 24576
65, 20894, 24576
0, 2, 24576
0, 2, 24576
0, 2, 24576
27, 20700, 24576
0, 2, 24576
0, 2, 24576
0, 2, 24576
3, 20700, 24576
0, 2, 24576
0, 2, 24576
0, 2, 24576
14, 20700, 24576
0, 2, 24576
0, 2, 24576
0, 2, 24576
3, 20700, 24576
0, 2, 24576
0, 2, 24576
0, 2, 24576
2, 20700, 24576
0, 2, 24576
0, 2, 24576
0, 2, 24576
4, 20700, 24576
0, 2, 24576
0, 2, 24576
0, 2, 24576
3, 20700, 24576
0, 2, 24576
0, 2, 24576
0, 2, 24576
3, 20700, 24576
0, 2, 24576
0, 2, 24576
0, 2, 24576
2, 20648, 24576
0, 2, 24576
0, 2, 24576
0, 2, 24576
2, 20648, 24576
0, 2, 24576
0, 2, 24576
0, 2, 24576
3, 20648, 24576
0, 2, 24576
0, 2, 24576
0, 2, 24576
1, 20648, 24576
0, 2, 24576
0, 2, 24576
0, 2, 24576
2, 20648, 24576
0, 2, 24576
0, 2, 24576
0, 2, 24576
43, 20700, 24576
0, 2, 24576
0, 2, 24576
0, 2, 24576
2, 20700, 24576
0, 2, 24576
0, 2, 24576
0, 2, 24576
3, 20700, 24576
0, 2, 24576
0, 2, 24576
0, 2, 24576
3, 20700, 24576
0, 2, 24576
0, 2, 24576
0, 2, 24576
2, 20700, 24576
0, 2, 24576
0, 2, 24576
0, 2, 24576
52, 20700, 24576
0, 2, 24576
0, 2, 24576
0, 2, 24576
46, 20736, 24576
0, 2, 24576
0, 2, 24576
0, 2, 24576
48, 20686, 24576
0, 2, 24576
0, 2, 24576
0, 2, 24576
58, 20700, 24576
0, 2, 24576
0, 2, 24576
0, 2, 24576
67, 20612, 24576
0, 2, 24576
0, 2, 24576
0, 2, 24576
52, 20648, 24576
0, 2, 24576
0, 2, 24576
0, 2, 24576
66, 20258, 24576
0, 2, 24576
0, 2, 24576
0, 2, 24576
56, 20700, 24576
0, 2, 24576
0, 2, 24576
0, 2, 24576
48, 21216, 24576
0, 2, 24576
0, 2, 24576
0, 2, 24576
59, 20700, 24576
0, 2, 24576
0, 2, 24576
0, 2, 24576
45, 20806, 24576
0, 2, 24576
0, 2, 24576
0, 2, 24576
2, 20700, 24576
0, 2, 24576
0, 2, 24576
0, 2, 24576
10, 20700, 24576
0, 2, 24576
0, 2, 24576
0, 2, 24576
2, 20700, 24576
0, 2, 24576
0, 2, 24576
0, 2, 24576
3, 20700, 24576
0, 2, 24576
0, 2, 24576
0, 2, 24576
2, 20700, 24576
0, 2, 24576
0, 2, 24576
0, 2, 24576
3, 20700, 24576
0, 2, 24576
0, 2, 24576
0, 2, 24576
2, 21214, 24576
0, 2, 24576
0, 2, 24576
0, 2, 24576
2, 20700, 24576
0, 2, 24576
0, 2, 24576
0, 2, 24576
2, 20700, 24576
0, 2, 24576
0, 2, 24576
0, 2, 24576
2, 20700, 24576
0, 2, 24576
0, 2, 24576
0, 2, 24576
2, 20700, 24576
0, 2, 24576
0, 2, 24576
0, 2, 24576
3, 20648, 24576
0, 2, 24576
0, 2, 24576
0, 2, 24576
2, 20648, 24576
0, 2, 24576
0, 2, 24576
0, 2, 24576
2, 20648, 24576
0, 2, 24576
0, 2, 24576
0, 2, 24576
41, 20682, 24576
0, 2, 24576
0, 2, 24576
0, 2, 24576
55, 21272, 24576
0, 2, 24576
0, 2, 24576
0, 2, 24576
43, 20902, 24576
0, 2, 24576
0, 2, 24576
0, 2, 24576
61, 20630, 24576
0, 2, 24576
0, 2, 24576
0, 2, 24576
60, 20736, 24576
0, 2, 24576
0, 2, 24576
0, 2, 24576
56, 20656, 24576
0, 2, 24576
0, 2, 24576
0, 2, 24576
58, 20700, 24576
0, 2, 24576
0, 2, 24576
0, 2, 24576
2, 20648, 24576
0, 2, 24576
0, 2, 24576
0, 2, 24576
3, 20648, 24576
0, 2, 24576
0, 2, 24576
0, 2, 24576
2, 20648, 24576
0, 2, 24576
0, 2, 24576
0, 2, 24576
2, 20648, 24576
0, 2, 24576
0, 2, 24576
0, 2, 24576
2, 20648, 24576
0, 2, 24576
0, 2, 24576
0, 2, 24576
4, 20700, 24576
0, 2, 24576
0, 2, 24576
0, 2, 24576
3, 20700, 24576
0, 2, 24576
0, 2, 24576
0, 2, 24576
3, 20700, 24576
0, 2, 24576
0, 2, 24576
0, 2, 24576
3, 20700, 24576
0, 2, 24576
0, 2, 24576
0, 2, 24576
3, 20700, 24576
0, 2, 24576
0, 2, 24576
0, 2, 24576
42, 20700, 24576
0, 2, 24576
0, 2, 24576
0, 2, 24576
3, 20700, 24576
0, 2, 24576
0, 2, 24576
0, 2, 24576
3, 20700, 24576
0, 2, 24576
0, 2, 24576
0, 2, 24576
3, 20700, 24576
0, 2, 24576
0, 2, 24576
0, 2, 24576
3, 20700, 24576
0, 2, 24576
0, 2, 24576
0, 2, 24576
3, 20700, 24576
0, 2, 24576
0, 2, 24576
0, 2, 24576
3, 20700, 24576
0, 2, 24576
0, 2, 24576
0, 2, 24576
3, 20700, 24576
0, 2, 24576
0, 2, 24576
0, 2, 24576
2, 20700, 24576
0, 2, 24576
0, 2, 24576
0, 2, 24576
3, 20700, 24576
0, 2, 24576
0, 2, 24576
0, 2, 24576
3, 20258, 24576
0, 2, 24576
0, 2, 24576
0, 2, 24576
3, 20648, 24576
0, 2, 24576
0, 2, 24576
0, 2, 24576
3, 20648, 24576
0, 2, 24576
0, 2, 24576
0, 2, 24576
1, 20648, 24576
0, 2, 24576
0, 2, 24576
0, 2, 24576
2, 20648, 24576
0, 2, 24576
0, 2, 24576
0, 2, 24576
2, 20648, 24576
0, 2, 24576
0, 2, 24576
0, 2, 24576
2, 20700, 24576
0, 2, 24576
0, 2, 24576
0, 2, 24576
3, 20700, 24576
0, 2, 24576
0, 2, 24576
0, 2, 24576
2, 20700, 24576
0, 2, 24576
0, 2, 24576
0, 2, 24576
2, 20700, 24576
0, 2, 24576
0, 2, 24576
0, 2, 24576
2, 20700, 24576
0, 2, 24576
0, 2, 24576
0, 2, 24576
3, 20700, 24576
0, 2, 24576
0, 2, 24576
0, 2, 24576
3, 20700, 24576
0, 2, 24576
0, 2, 24576
0, 2, 24576
3, 20700, 24576
0, 2, 24576
0, 2, 24576
0, 2, 24576
3, 20700, 24576
0, 2, 24576
0, 2, 24576
0, 2, 24576
3, 20700, 24576
0, 2, 24576
0, 2, 24576
0, 2, 24576
3, 20700, 24576
0, 2, 24576
0, 2, 24576
0, 2, 24576
10, 20894, 24576
0, 2, 24576
0, 2, 24576
0, 2, 24576
3, 20700, 24576
0, 2, 24576
0, 2, 24576
0, 2, 24576
3, 20700, 24576
0, 2, 24576
0, 2, 24576
0, 2, 24576
3, 20700, 24576
0, 2, 24576
0, 2, 24576
0, 2, 24576
3, 20700, 24576
0, 2, 24576
0, 2, 24576
0, 2, 24576
3, 20700, 24576
0, 2, 24576
0, 2, 24576
0, 2, 24576
2, 20648, 24576
0, 2, 24576
0, 2, 24576
0, 2, 24576
3, 20648, 24576
0, 2, 24576
0, 2, 24576
0, 2, 24576
2, 20648, 24576
0, 2, 24576
0, 2, 24576
0, 2, 24576
2, 20648, 24576
0, 2, 24576
0, 2, 24576
0, 2, 24576
2, 20648, 24576
0, 2, 24576
0, 2, 24576
0, 2, 24576
2, 20648, 24576
0, 2, 24576
0, 2, 24576
0, 2, 24576
3, 20700, 24576
0, 2, 24576
0, 2, 24576
0, 2, 24576
3, 20700, 24576
0, 2, 24576
0, 2, 24576
0, 2, 24576
2, 20700, 24576
0, 2, 24576
0, 2, 24576
0, 2, 24576
3, 20700, 24576
0, 2, 24576
0, 2, 24576
0, 2, 24576
21, 20700, 24576
0, 2, 24576
0, 2, 24576
0, 2, 24576
3, 20700, 24576
0, 2, 24576
0, 2, 24576
0, 2, 24576
3, 20700, 24576
0, 2, 24576
0, 2, 24576
0, 2, 24576
2, 20700, 24576
0, 2, 24576
0, 2, 24576
0, 2, 24576
2, 20700, 24576
0, 2, 24576
0, 2, 24576
0, 2, 24576
3, 21216, 24576
0, 2, 24576
0, 2, 24576
0, 2, 24576
3, 20700, 24576
0, 2, 24576
0, 2, 24576
0, 2, 24576
3, 20700, 24576
0, 2, 24576
0, 2, 24576
0, 2, 24576
3, 20700, 24576
0, 2, 24576
0, 2, 24576
0, 2, 24576
3, 20814, 24576
0, 2, 24576
0, 2, 24576
0, 2, 24576
3, 20648, 24576
0, 2, 24576
0, 2, 24576
0, 2, 24576
3, 20648, 24576
0, 2, 24576
0, 2, 24576
0, 2, 24576
3, 20648, 24576
0, 2, 24576
0, 2, 24576
0, 2, 24576
2, 20648, 24576
0, 2, 24576
0, 2, 24576
0, 2, 24576
2, 20648, 24576
0, 2, 24576
0, 2, 24576
0, 2, 24576
2, 20700, 24576
0, 2, 24576
0, 2, 24576
0, 2, 24576
3, 20700, 24576
0, 2, 24576
0, 2, 24576
0, 2, 24576
3, 20700, 24576
0, 2, 24576
0, 2, 24576
0, 2, 24576
3, 20700, 24576
0, 2, 24576
0, 2, 24576
0, 2, 24576
3, 20700, 24576
0, 2, 24576
0, 2, 24576
0, 2, 24576
27, 20700, 24576
0, 2, 24576
0, 2, 24576
0, 2, 24576
2, 20700, 24576
0, 2, 24576
0, 2, 24576
0, 2, 24576
2, 20700, 24576
0, 2, 24576
0, 2, 24576
0, 2, 24576
3, 20700, 24576
0, 2, 24576
0, 2, 24576
0, 2, 24576
2, 20700, 24576
0, 2, 24576
0, 2, 24576
0, 2, 24576
5, 20700, 24576
0, 2, 24576
0, 2, 24576
0, 2, 24576
3, 20700, 24576
0, 2, 24576
0, 2, 24576
0, 2, 24576
1, 20700, 24576
0, 2, 24576
0, 2, 24576
0, 2, 24576
2, 20700, 24576
0, 2, 24576
0, 2, 24576
0, 2, 24576
3, 20700, 24576
0, 2, 24576
0, 2, 24576
0, 2, 24576
2, 20738, 24576
0, 2, 24576
0, 2, 24576
0, 2, 24576
2, 20648, 24576
0, 2, 24576
0, 2, 24576
0, 2, 24576
2, 20648, 24576
0, 2, 24576
0, 2, 24576
0, 2, 24576
1, 20648, 24576
0, 2, 24576
0, 2, 24576
0, 2, 24576
2, 20648, 24576
0, 2, 24576
0, 2, 24576
0, 2, 24576
3, 20648, 24576
0, 2, 24576
0, 2, 24576
0, 2, 24576
2, 20630, 24576
0, 2, 24576
0, 2, 24576
0, 2, 24576
3, 20700, 24576
0, 2, 24576
0, 2, 24576
0, 2, 24576
3, 20700, 24576
0, 2, 24576
0, 2, 24576
0, 2, 24576
2, 20700, 24576
0, 2, 24576
0, 2, 24576
0, 2, 24576
3, 20700, 24576
0, 2, 24576
0, 2, 24576
0, 2, 24576
3, 20700, 24576
0, 2, 24576
0, 2, 24576
0, 2, 24576
4, 20700, 24576
0, 2, 24576
0, 2, 24576
0, 2, 24576
3, 20700, 24576
0, 2, 24576
0, 2, 24576
0, 2, 24576
2, 20700, 24576
0, 2, 24576
0, 2, 24576
0, 2, 24576
2, 20700, 24576
0, 2, 24576
0, 2, 24576
0, 2, 24576
3, 20700, 24576
0, 2, 24576
0, 2, 24576
0, 2, 24576
3, 20700, 24576
0, 2, 24576
0, 2, 24576
0, 2, 24576
3, 20700, 24576
0, 2, 24576
0, 2, 24576
0, 2, 24576
3, 20700, 24576
0, 2, 24576
0, 2, 24576
0, 2, 24576
2, 20700, 24576
0, 2, 24576
0, 2, 24576
0, 2, 24576
3, 20700, 24576
0, 2, 24576
0, 2, 24576
0, 2, 24576
3, 20700, 24576
0, 2, 24576
0, 2, 24576
0, 2, 24576
2, 20700, 24576
0, 2, 24576
0, 2, 24576
0, 2, 24576
2, 20648, 24576
0, 2, 24576
0, 2, 24576
0, 2, 24576
3, 20648, 24576
0, 2, 24576
0, 2, 24576
0, 2, 24576
3, 20648, 24576
0, 2, 24576
0, 2, 24576
0, 2, 24576
2, 20648, 24576
0, 2, 24576
0, 2, 24576
0, 2, 24576
2, 20648, 24576
0, 2, 24576
0, 2, 24576
0, 2, 24576
1, 20700, 24576
0, 2, 24576
0, 2, 24576
0, 2, 24576
3, 20700, 24576
0, 2, 24576
0, 2, 24576
0, 2, 24576
3, 20700, 24576
0, 2, 24576
0, 2, 24576
0, 2, 24576
2, 20700, 24576
0, 2, 24576
0, 2, 24576
0, 2, 24576
2, 20700, 24576
0, 2, 24576
0, 2, 24576
0, 2, 24576
3, 20700, 24576
0, 2, 24576
0, 2, 24576
0, 2, 24576
2, 20700, 24576
0, 2, 24576
0, 2, 24576
0, 2, 24576
3, 20700, 24576
0, 2, 24576
0, 2, 24576
0, 2, 24576
2, 20700, 24576
0, 2, 24576
0, 2, 24576
0, 2, 24576
3, 20700, 24576
0, 2, 24576
0, 2, 24576
0, 2, 24576
3, 20700, 24576
0, 2, 24576
0, 2, 24576
0, 2, 24576
2, 20700, 24576
0, 2, 24576
0, 2, 24576
0, 2, 24576
2, 20700, 24576
0, 2, 24576
0, 2, 24576
0, 2, 24576
3, 20700, 24576
0, 2, 24576
0, 2, 24576
0, 2, 24576
2, 20700, 24576
0, 2, 24576
0, 2, 24576
0, 2, 24576
3, 20700, 24576
0, 2, 24576
0, 2, 24576
0, 2, 24576
3, 20700, 24576
0, 2, 24576
0, 2, 24576
0, 2, 24576
27, 20648, 24576
0, 2, 24576
0, 2, 24576
0, 2, 24576
2, 20648, 24576
0, 2, 24576
0, 2, 24576
0, 2, 24576
2, 20648, 24576
0, 2, 24576
0, 2, 24576
0, 2, 24576
2, 20648, 24576
0, 2, 24576
0, 2, 24576
0, 2, 24576
2, 20648, 24576
0, 2, 24576
0, 2, 24576
0, 2, 24576
2, 20648, 24576
0, 2, 24576
0, 2, 24576
0, 2, 24576
3, 20700, 24576
0, 2, 24576
0, 2, 24576
0, 2, 24576
3, 20700, 24576
0, 2, 24576
0, 2, 24576
0, 2, 24576
3, 20700, 24576
0, 2, 24576
0, 2, 24576
0, 2, 24576
3, 20700, 24576
0, 2, 24576
0, 2, 24576
0, 2, 24576
3, 20700, 24576
0, 2, 24576
0, 2, 24576
0, 2, 24576
2, 20700, 24576
0, 2, 24576
0, 2, 24576
0, 2, 24576
3, 20700, 24576
0, 2, 24576
0, 2, 24576
0, 2, 24576
3, 20700, 24576
0, 2, 24576
0, 2, 24576
0, 2, 24576
3, 20700, 24576
0, 2, 24576
0, 2, 24576
0, 2, 24576
3, 20700, 24576
0, 2, 24576
0, 2, 24576
0, 2, 24576
3, 20700, 24576
0, 2, 24576
0, 2, 24576
0, 2, 24576
3, 21340, 24576
0, 2, 24576
0, 2, 24576
0, 2, 24576
2, 20700, 24576
0, 2, 24576
0, 2, 24576
0, 2, 24576
3, 20700, 24576
0, 2, 24576
0, 2, 24576
0, 2, 24576
3, 20700, 24576
0, 2, 24576
0, 2, 24576
0, 2, 24576
2, 20700, 24576
0, 2, 24576
0, 2, 24576
0, 2, 24576
3, 20700, 24576
0, 2, 24576
0, 2, 24576
0, 2, 24576
42, 20648, 24576
0, 2, 24576
0, 2, 24576
0, 2, 24576
3, 20648, 24576
0, 2, 24576
0, 2, 24576
0, 2, 24576
3, 20648, 24576
0, 2, 24576
0, 2, 24576
0, 2, 24576
2, 20648, 24576
0, 2, 24576
0, 2, 24576
0, 2, 24576
1, 20648, 24576
0, 2, 24576
0, 2, 24576
0, 2, 24576
3, 20648, 24576
0, 2, 24576
0, 2, 24576
0, 2, 24576
3, 20700, 24576
0, 2, 24576
0, 2, 24576
0, 2, 24576
3, 20700, 24576
0, 2, 24576
0, 2, 24576
0, 2, 24576
3, 20700, 24576
0, 2, 24576
0, 2, 24576
0, 2, 24576
2, 20700, 24576
0, 2, 24576
0, 2, 24576
0, 2, 24576
3, 20700, 24576
0, 2, 24576
0, 2, 24576
0, 2, 24576
3, 20700, 24576
0, 2, 24576
0, 2, 24576
0, 2, 24576
2, 20700, 24576
0, 2, 24576
0, 2, 24576
0, 2, 24576
3, 20700, 24576
0, 2, 24576
0, 2, 24576
0, 2, 24576
3, 20700, 24576
0, 2, 24576
0, 2, 24576
0, 2, 24576
3, 20700, 24576
0, 2, 24576
0, 2, 24576
0, 2, 24576
3, 20700, 24576
0, 2, 24576
0, 2, 24576
0, 2, 24576
3, 20700, 24576
0, 2, 24576
0, 2, 24576
0, 2, 24576
3, 20700, 24576
0, 2, 24576
0, 2, 24576
0, 2, 24576
2, 20700, 24576
0, 2, 24576
0, 2, 24576
0, 2, 24576
3, 20700, 24576
0, 2, 24576
0, 2, 24576
0, 2, 24576
3, 20700, 24576
0, 2, 24576
0, 2, 24576
0, 2, 24576
28, 20648, 24576
0, 2, 24576
0, 2, 24576
0, 2, 24576
3, 20648, 24576
0, 2, 24576
0, 2, 24576
0, 2, 24576
3, 20648, 24576
0, 2, 24576
0, 2, 24576
0, 2, 24576
2, 20648, 24576
0, 2, 24576
0, 2, 24576
0, 2, 24576
1, 20648, 24576
0, 2, 24576
0, 2, 24576
0, 2, 24576
2, 20648, 24576
0, 2, 24576
0, 2, 24576
0, 2, 24576
2, 20700, 24576
0, 2, 24576
0, 2, 24576
0, 2, 24576
2, 20700, 24576
0, 2, 24576
0, 2, 24576
0, 2, 24576
3, 20700, 24576
0, 2, 24576
0, 2, 24576
0, 2, 24576
3, 20700, 24576
0, 2, 24576
0, 2, 24576
0, 2, 24576
3, 20700, 24576
0, 2, 24576
0, 2, 24576
0, 2, 24576
2, 20736, 24576
0, 2, 24576
0, 2, 24576
0, 2, 24576
3, 20700, 24576
0, 2, 24576
0, 2, 24576
0, 2, 24576
3, 20700, 24576
0, 2, 24576
0, 2, 24576
0, 2, 24576
3, 20700, 24576
0, 2, 24576
0, 2, 24576
0, 2, 24576
3, 20700, 24576
0, 2, 24576
0, 2, 24576
0, 2, 24576
3, 20700, 24576
0, 2, 24576
0, 2, 24576
0, 2, 24576
10, 20700, 24576
0, 2, 24576
0, 2, 24576
0, 2, 24576
4, 20700, 24576
0, 2, 24576
0, 2, 24576
0, 2, 24576
3, 20700, 24576
0, 2, 24576
0, 2, 24576
0, 2, 24576
3, 20700, 24576
0, 2, 24576
0, 2, 24576
0, 2, 24576
2, 20700, 24576
0, 2, 24576
0, 2, 24576
0, 2, 24576
3, 20684, 24576
0, 2, 24576
0, 2, 24576
0, 2, 24576
3, 20648, 24576
0, 2, 24576
0, 2, 24576
0, 2, 24576
3, 20648, 24576
0, 2, 24576
0, 2, 24576
0, 2, 24576
2, 20648, 24576
0, 2, 24576
0, 2, 24576
0, 2, 24576
2, 20648, 24576
0, 2, 24576
0, 2, 24576
0, 2, 24576
2, 20648, 24576
0, 2, 24576
0, 2, 24576
0, 2, 24576
2, 20700, 24576
0, 2, 24576
0, 2, 24576
0, 2, 24576
3, 20700, 24576
0, 2, 24576
0, 2, 24576
0, 2, 24576
3, 20700, 24576
0, 2, 24576
0, 2, 24576
0, 2, 24576
3, 20700, 24576
0, 2, 24576
0, 2, 24576
0, 2, 24576
2, 20700, 24576
0, 2, 24576
0, 2, 24576
0, 2, 24576
13, 20798, 24576
0, 2, 24576
0, 2, 24576
0, 2, 24576
3, 20700, 24576
0, 2, 24576
0, 2, 24576
0, 2, 24576
3, 20700, 24576
0, 2, 24576
0, 2, 24576
0, 2, 24576
3, 20700, 24576
0, 2, 24576
0, 2, 24576
0, 2, 24576
3, 20700, 24576
0, 2, 24576
0, 2, 24576
0, 2, 24576
3, 20700, 24576
0, 2, 24576
0, 2, 24576
0, 2, 24576
3, 20700, 24576
0, 2, 24576
0, 2, 24576
0, 2, 24576
3, 20700, 24576
0, 2, 24576
0, 2, 24576
0, 2, 24576
3, 20700, 24576
0, 2, 24576
0, 2, 24576
0, 2, 24576
3, 20700, 24576
0, 2, 24576
0, 2, 24576
0, 2, 24576
3, 20700, 24576
0, 2, 24576
0, 2, 24576
0, 2, 24576
3, 20648, 24576
0, 2, 24576
0, 2, 24576
0, 2, 24576
2, 20648, 24576
0, 2, 24576
0, 2, 24576
0, 2, 24576
1, 20648, 24576
0, 2, 24576
0, 2, 24576
0, 2, 24576
2, 20648, 24576
0, 2, 24576
0, 2, 24576
0, 2, 24576
2, 20648, 24576
0, 2, 24576
0, 2, 24576
0, 2, 24576
40, 20700, 24576
0, 2, 24576
0, 2, 24576
0, 2, 24576
3, 20700, 24576
0, 2, 24576
0, 2, 24576
0, 2, 24576
3, 20700, 24576
0, 2, 24576
0, 2, 24576
0, 2, 24576
4, 20700, 24576
0, 2, 24576
0, 2, 24576
0, 2, 24576
3, 20700, 24576
0, 2, 24576
0, 2, 24576
0, 2, 24576
3, 20700, 24576
0, 2, 24576
0, 2, 24576
0, 2, 24576
3, 20700, 24576
0, 2, 24576
0, 2, 24576
0, 2, 24576
2, 20700, 24576
0, 2, 24576
0, 2, 24576
0, 2, 24576
3, 20700, 24576
0, 2, 24576
0, 2, 24576
0, 2, 24576
3, 20700, 24576
0, 2, 24576
0, 2, 24576
0, 2, 24576
3, 20700, 24576
0, 2, 24576
0, 2, 24576
0, 2, 24576
50, 20700, 24576
0, 2, 24576
0, 2, 24576
0, 2, 24576
3, 20700, 24576
0, 2, 24576
0, 2, 24576
0, 2, 24576
3, 20700, 24576
0, 2, 24576
0, 2, 24576
0, 2, 24576
3, 20700, 24576
0, 2, 24576
0, 2, 24576
0, 2, 24576
3, 20700, 24576
0, 2, 24576
0, 2, 24576
0, 2, 24576
37, 20648, 24576
0, 2, 24576
0, 2, 24576
0, 2, 24576
1, 20648, 24576
0, 2, 24576
0, 2, 24576
0, 2, 24576
10, 20648, 24576
0, 2, 24576
0, 2, 24576
0, 2, 24576
1, 20700, 24576
0, 2, 24576
0, 2, 24576
0, 2, 24576
1, 20700, 24576
0, 2, 24576
0, 2, 24576
0, 2, 24576
1, 20700, 24576
0, 2, 24576
0, 2, 24576
0, 2, 24576
2, 20700, 24576
0, 2, 24576
0, 2, 24576
0, 2, 24576
1, 20700, 24576
0, 2, 24576
0, 2, 24576
0, 2, 24576
2, 20700, 24576
0, 2, 24576
0, 2, 24576
0, 2, 24576
1, 20700, 24576
0, 2, 24576
0, 2, 24576
0, 2, 24576
1, 20700, 24576
0, 2, 24576
0, 2, 24576
0, 2, 24576
1, 20700, 24576
0, 2, 24576
0, 2, 24576
0, 2, 24576
1, 20700, 24576
0, 2, 24576
0, 2, 24576
0, 2, 24576
2, 20700, 24576
0, 2, 24576
0, 2, 24576
0, 2, 24576
49, 20700, 24576
0, 2, 24576
0, 2, 24576
0, 2, 24576
1, 20700, 24576
0, 2, 24576
0, 2, 24576
0, 2, 24576
1, 20700, 24576
0, 2, 24576
0, 2, 24576
0, 2, 24576
2, 20700, 24576
0, 2, 24576
0, 2, 24576
0, 2, 24576
1, 20700, 24576
0, 2, 24576
0, 2, 24576
0, 2, 24576
1, 21216, 24576
0, 2, 24576
0, 2, 24576
0, 2, 24576
1, 20648, 24576
0, 2, 24576
0, 2, 24576
0, 2, 24576
2, 20648, 24576
0, 2, 24576
0, 2, 24576
0, 2, 24576
2, 20648, 24576
0, 2, 24576
0, 2, 24576
0, 2, 24576
2, 21360, 24576
0, 2, 24576
0, 2, 24576
0, 2, 24576
2, 20700, 24576
0, 2, 24576
0, 2, 24576
0, 2, 24576
2, 20700, 24576
0, 2, 24576
0, 2, 24576
0, 2, 24576
3, 20700, 24576
0, 2, 24576
0, 2, 24576
0, 2, 24576
2, 20700, 24576
0, 2, 24576
0, 2, 24576
0, 2, 24576
2, 20700, 24576
0, 2, 24576
0, 2, 24576
0, 2, 24576
46, 20700, 24576
0, 2, 24576
0, 2, 24576
0, 2, 24576
3, 20700, 24576
0, 2, 24576
0, 2, 24576
0, 2, 24576
3, 20700, 24576
0, 2, 24576
0, 2, 24576
0, 2, 24576
3, 20700, 24576
0, 2, 24576
0, 2, 24576
0, 2, 24576
3, 20700, 24576
0, 2, 24576
0, 2, 24576
0, 2, 24576
3, 20700, 24576
0, 2, 24576
0, 2, 24576
0, 2, 24576
2, 20700, 24576
0, 2, 24576
0, 2, 24576
0, 2, 24576
2, 20700, 24576
0, 2, 24576
0, 2, 24576
0, 2, 24576
2, 20700, 24576
0, 2, 24576
0, 2, 24576
0, 2, 24576
2, 20700, 24576
0, 2, 24576
0, 2, 24576
0, 2, 24576
3, 20700, 24576
0, 2, 24576
0, 2, 24576
0, 2, 24576
3, 20648, 24576
0, 2, 24576
0, 2, 24576
0, 2, 24576
2, 20648, 24576
0, 2, 24576
0, 2, 24576
0, 2, 24576
3, 20648, 24576
0, 2, 24576
0, 2, 24576
0, 2, 24576
2, 20648, 24576
0, 2, 24576
0, 2, 24576
0, 2, 24576
12, 20700, 24576
0, 2, 24576
0, 2, 24576
0, 2, 24576
3, 20700, 24576
0, 2, 24576
0, 2, 24576
0, 2, 24576
3, 20700, 24576
0, 2, 24576
0, 2, 24576
0, 2, 24576
3, 20700, 24576
0, 2, 24576
0, 2, 24576
0, 2, 24576
3, 20700, 24576
0, 2, 24576
0, 2, 24576
0, 2, 24576
3, 20700, 24576
0, 2, 24576
0, 2, 24576
0, 2, 24576
3, 20700, 24576
0, 2, 24576
0, 2, 24576
0, 2, 24576
3, 20700, 24576
0, 2, 24576
0, 2, 24576
0, 2, 24576
3, 20700, 24576
0, 2, 24576
0, 2, 24576
0, 2, 24576
3, 20700, 24576
0, 2, 24576
0, 2, 24576
0, 2, 24576
3, 20662, 24576
0, 2, 24576
0, 2, 24576
0, 2, 24576
3, 20700, 24576
0, 2, 24576
0, 2, 24576
0, 2, 24576
3, 20700, 24576
0, 2, 24576
0, 2, 24576
0, 2, 24576
2, 20700, 24576
0, 2, 24576
0, 2, 24576
0, 2, 24576
3, 20700, 24576
0, 2, 24576
0, 2, 24576
0, 2, 24576
3, 20700, 24576
0, 2, 24576
0, 2, 24576
0, 2, 24576
3, 20648, 24576
0, 2, 24576
0, 2, 24576
0, 2, 24576
3, 20648, 24576
0, 2, 24576
0, 2, 24576
0, 2, 24576
2, 20648, 24576
0, 2, 24576
0, 2, 24576
0, 2, 24576
2, 20648, 24576
0, 2, 24576
0, 2, 24576
0, 2, 24576
53, 20700, 24576
0, 2, 24576
0, 2, 24576
0, 2, 24576
3, 21216, 24576
0, 2, 24576
0, 2, 24576
0, 2, 24576
2, 20648, 24576
0, 2, 24576
0, 2, 24576
0, 2, 24576
2, 20648, 24576
0, 2, 24576
0, 2, 24576
0, 2, 24576
2, 20648, 24576
0, 2, 24576
0, 2, 24576
0, 2, 24576
2, 20648, 24576
0, 2, 24576
0, 2, 24576
0, 2, 24576
2, 20648, 24576
0, 2, 24576
0, 2, 24576
0, 2, 24576
3, 20700, 24576
0, 2, 24576
0, 2, 24576
0, 2, 24576
3, 20700, 24576
0, 2, 24576
0, 2, 24576
0, 2, 24576
3, 20700, 24576
0, 2, 24576
0, 2, 24576
0, 2, 24576
4, 20700, 24576
0, 2, 24576
0, 2, 24576
0, 2, 24576
3, 20700, 24576
0, 2, 24576
0, 2, 24576
0, 2, 24576
3, 20700, 24576
0, 2, 24576
0, 2, 24576
0, 2, 24576
3, 20700, 24576
0, 2, 24576
0, 2, 24576
0, 2, 24576
3, 20700, 24576
0, 2, 24576
0, 2, 24576
0, 2, 24576
3, 20700, 24576
0, 2, 24576
0, 2, 24576
0, 2, 24576
2, 20700, 24576
0, 2, 24576
0, 2, 24576
0, 2, 24576
50, 20700, 24576
0, 2, 24576
0, 2, 24576
0, 2, 24576
3, 20700, 24576
0, 2, 24576
0, 2, 24576
0, 2, 24576
3, 20700, 24576
0, 2, 24576
0, 2, 24576
0, 2, 24576
3, 20700, 24576
0, 2, 24576
0, 2, 24576
0, 2, 24576
4, 20700, 24576
0, 2, 24576
0, 2, 24576
0, 2, 24576
3, 20648, 24576
0, 2, 24576
0, 2, 24576
0, 2, 24576
3, 20648, 24576
0, 2, 24576
0, 2, 24576
0, 2, 24576
2, 20648, 24576
0, 2, 24576
0, 2, 24576
0, 2, 24576
2, 20648, 24576
0, 2, 24576
0, 2, 24576
0, 2, 24576
2, 20648, 24576
0, 2, 24576
0, 2, 24576
0, 2, 24576
2, 20700, 24576
0, 2, 24576
0, 2, 24576
0, 2, 24576
2, 20700, 24576
0, 2, 24576
0, 2, 24576
0, 2, 24576
3, 20700, 24576
0, 2, 24576
0, 2, 24576
0, 2, 24576
3, 20700, 24576
0, 2, 24576
0, 2, 24576
0, 2, 24576
3, 20700, 24576
0, 2, 24576
0, 2, 24576
0, 2, 24576
49, 20700, 24576
0, 2, 24576
0, 2, 24576
0, 2, 24576
3, 20700, 24576
0, 2, 24576
0, 2, 24576
0, 2, 24576
3, 20700, 24576
0, 2, 24576
0, 2, 24576
0, 2, 24576
3, 20700, 24576
0, 2, 24576
0, 2, 24576
0, 2, 24576
2, 20700, 24576
0, 2, 24576
0, 2, 24576
0, 2, 24576
49, 20700, 24576
0, 2, 24576
0, 2, 24576
0, 2, 24576
2, 20700, 24576
0, 2, 24576
0, 2, 24576
0, 2, 24576
1, 20700, 24576
0, 2, 24576
0, 2, 24576
0, 2, 24576
2, 20700, 24576
0, 2, 24576
0, 2, 24576
0, 2, 24576
2, 20700, 24576
0, 2, 24576
0, 2, 24576
0, 2, 24576
1, 20648, 24576
0, 2, 24576
0, 2, 24576
0, 2, 24576
1, 20648, 24576
0, 2, 24576
0, 2, 24576
0, 2, 24576
1, 20648, 24576
0, 2, 24576
0, 2, 24576
0, 2, 24576
1, 20648, 24576
0, 2, 24576
0, 2, 24576
0, 2, 24576
1, 20648, 24576
0, 2, 24576
0, 2, 24576
0, 2, 24576
46, 20700, 24576
0, 2, 24576
0, 2, 24576
0, 2, 24576
2, 20700, 24576
0, 2, 24576
0, 2, 24576
0, 2, 24576
51, 20648, 24576
0, 2, 24576
0, 2, 24576
0, 2, 24576
2, 20648, 24576
0, 2, 24576
0, 2, 24576
0, 2, 24576
2, 20648, 24576
0, 2, 24576
0, 2, 24576
0, 2, 24576
2, 20648, 24576
0, 2, 24576
0, 2, 24576
0, 2, 24576
3, 20700, 24576
0, 2, 24576
0, 2, 24576
0, 2, 24576
3, 20700, 24576
0, 2, 24576
0, 2, 24576
0, 2, 24576
2, 20700, 24576
0, 2, 24576
0, 2, 24576
0, 2, 24576
3, 20700, 24576
0, 2, 24576
0, 2, 24576
0, 2, 24576
3, 20700, 24576
0, 2, 24576
0, 2, 24576
0, 2, 24576
3, 20700, 24576
0, 2, 24576
0, 2, 24576
0, 2, 24576
2, 20700, 24576
0, 2, 24576
0, 2, 24576
0, 2, 24576
2, 20700, 24576
0, 2, 24576
0, 2, 24576
0, 2, 24576
2, 20700, 24576
0, 2, 24576
0, 2, 24576
0, 2, 24576
2, 20700, 24576
0, 2, 24576
0, 2, 24576
0, 2, 24576
3, 20700, 24576
0, 2, 24576
0, 2, 24576
0, 2, 24576
2, 20700, 24576
0, 2, 24576
0, 2, 24576
0, 2, 24576
3, 20700, 24576
0, 2, 24576
0, 2, 24576
0, 2, 24576
2, 20700, 24576
0, 2, 24576
0, 2, 24576
0, 2, 24576
3, 20700, 24576
0, 2, 24576
0, 2, 24576
0, 2, 24576
2, 20700, 24576
0, 2, 24576
0, 2, 24576
0, 2, 24576
3, 20700, 24576
0, 2, 24576
0, 2, 24576
0, 2, 24576
3, 20700, 24576
0, 2, 24576
0, 2, 24576
0, 2, 24576
3, 20648, 24576
0, 2, 24576
0, 2, 24576
0, 2, 24576
3, 20648, 24576
0, 2, 24576
0, 2, 24576
0, 2, 24576
2, 20648, 24576
0, 2, 24576
0, 2, 24576
0, 2, 24576
4, 20648, 24576
0, 2, 24576
0, 2, 24576
0, 2, 24576
3, 20648, 24576
0, 2, 24576
0, 2, 24576
0, 2, 24576
10, 20700, 24576
0, 2, 24576
0, 2, 24576
0, 2, 24576
2, 20700, 24576
0, 2, 24576
0, 2, 24576
0, 2, 24576
2, 20700, 24576
0, 2, 24576
0, 2, 24576
0, 2, 24576
2, 20700, 24576
0, 2, 24576
0, 2, 24576
0, 2, 24576
4, 20700, 24576
0, 2, 24576
0, 2, 24576
0, 2, 24576
26, 20700, 24576
0, 2, 24576
0, 2, 24576
0, 2, 24576
3, 20700, 24576
0, 2, 24576
0, 2, 24576
0, 2, 24576
2, 20700, 24576
0, 2, 24576
0, 2, 24576
0, 2, 24576
4, 20700, 24576
0, 2, 24576
0, 2, 24576
0, 2, 24576
2, 20700, 24576
0, 2, 24576
0, 2, 24576
0, 2, 24576
3, 20700, 24576
0, 2, 24576
0, 2, 24576
0, 2, 24576
3, 20700, 24576
0, 2, 24576
0, 2, 24576
0, 2, 24576
4, 20700, 24576
0, 2, 24576
0, 2, 24576
0, 2, 24576
3, 20700, 24576
0, 2, 24576
0, 2, 24576
0, 2, 24576
3, 20700, 24576
0, 2, 24576
0, 2, 24576
0, 2, 24576
2, 20648, 24576
0, 2, 24576
0, 2, 24576
0, 2, 24576
3, 20648, 24576
0, 2, 24576
0, 2, 24576
0, 2, 24576
4, 20648, 24576
0, 2, 24576
0, 2, 24576
0, 2, 24576
3, 20648, 24576
0, 2, 24576
0, 2, 24576
0, 2, 24576
2, 20648, 24576
0, 2, 24576
0, 2, 24576
0, 2, 24576
2, 20700, 24576
0, 2, 24576
0, 2, 24576
0, 2, 24576
3, 20700, 24576
0, 2, 24576
0, 2, 24576
0, 2, 24576
3, 20700, 24576
0, 2, 24576
0, 2, 24576
0, 2, 24576
3, 20700, 24576
0, 2, 24576
0, 2, 24576
0, 2, 24576
2, 20700, 24576
0, 2, 24576
0, 2, 24576
0, 2, 24576
3, 20700, 24576
0, 2, 24576
0, 2, 24576
0, 2, 24576
3, 20700, 24576
0, 2, 24576
0, 2, 24576
0, 2, 24576
3, 20700, 24576
0, 2, 24576
0, 2, 24576
0, 2, 24576
2, 20700, 24576
0, 2, 24576
0, 2, 24576
0, 2, 24576
2, 20700, 24576
0, 2, 24576
0, 2, 24576
0, 2, 24576
2, 20700, 24576
0, 2, 24576
0, 2, 24576
0, 2, 24576
1, 20700, 24576
0, 2, 24576
0, 2, 24576
0, 2, 24576
2, 20700, 24576
0, 2, 24576
0, 2, 24576
0, 2, 24576
2, 20700, 24576
0, 2, 24576
0, 2, 24576
0, 2, 24576
3, 20700, 24576
0, 2, 24576
0, 2, 24576
0, 2, 24576
35, 20648, 24576
0, 2, 24576
0, 2, 24576
0, 2, 24576
48, 20700, 24576
0, 2, 24576
0, 2, 24576
0, 2, 24576
3, 20700, 24576
0, 2, 24576
0, 2, 24576
0, 2, 24576
3, 20700, 24576
0, 2, 24576
0, 2, 24576
0, 2, 24576
3, 20700, 24576
0, 2, 24576
0, 2, 24576
0, 2, 24576
1, 20700, 24576
0, 2, 24576
0, 2, 24576
0, 2, 24576
3, 20700, 24576
0, 2, 24576
0, 2, 24576
0, 2, 24576
4, 20700, 24576
0, 2, 24576
0, 2, 24576
0, 2, 24576
46, 20700, 24576
0, 2, 24576
0, 2, 24576
0, 2, 24576
3, 20700, 24576
0, 2, 24576
0, 2, 24576
0, 2, 24576
3, 20700, 24576
0, 2, 24576
0, 2, 24576
0, 2, 24576
38, 20648, 24576
0, 2, 24576
0, 2, 24576
0, 2, 24576
2, 20648, 24576
0, 2, 24576
0, 2, 24576
0, 2, 24576
2, 20648, 24576
0, 2, 24576
0, 2, 24576
0, 2, 24576
3, 20648, 24576
0, 2, 24576
0, 2, 24576
0, 2, 24576
2, 20648, 24576
0, 2, 24576
0, 2, 24576
0, 2, 24576
12, 20700, 24576
0, 2, 24576
0, 2, 24576
0, 2, 24576
3, 20700, 24576
0, 2, 24576
0, 2, 24576
0, 2, 24576
3, 20700, 24576
0, 2, 24576
0, 2, 24576
0, 2, 24576
3, 20700, 24576
0, 2, 24576
0, 2, 24576
0, 2, 24576
3, 20700, 24576
0, 2, 24576
0, 2, 24576
0, 2, 24576
3, 21216, 24576
0, 2, 24576
0, 2, 24576
0, 2, 24576
2, 20700, 24576
0, 2, 24576
0, 2, 24576
0, 2, 24576
1, 20700, 24576
0, 2, 24576
0, 2, 24576
0, 2, 24576
2, 20700, 24576
0, 2, 24576
0, 2, 24576
0, 2, 24576
4, 20700, 24576
0, 2, 24576
0, 2, 24576
0, 2, 24576
3, 20700, 24576
0, 2, 24576
0, 2, 24576
0, 2, 24576
3, 20700, 24576
0, 2, 24576
0, 2, 24576
0, 2, 24576
6, 20700, 24576
0, 2, 24576
0, 2, 24576
0, 2, 24576
3, 20700, 24576
0, 2, 24576
0, 2, 24576
0, 2, 24576
3, 20700, 24576
0, 2, 24576
0, 2, 24576
0, 2, 24576
3, 20648, 24576
0, 2, 24576
0, 2, 24576
0, 2, 24576
2, 20648, 24576
0, 2, 24576
0, 2, 24576
0, 2, 24576
2, 20648, 24576
0, 2, 24576
0, 2, 24576
0, 2, 24576
2, 20648, 24576
0, 2, 24576
0, 2, 24576
0, 2, 24576
2, 20648, 24576
0, 2, 24576
0, 2, 24576
0, 2, 24576
41, 20700, 24576
0, 2, 24576
0, 2, 24576
0, 2, 24576
2, 20700, 24576
0, 2, 24576
0, 2, 24576
0, 2, 24576
3, 20700, 24576
0, 2, 24576
0, 2, 24576
0, 2, 24576
3, 20700, 24576
0, 2, 24576
0, 2, 24576
0, 2, 24576
4, 20700, 24576
0, 2, 24576
0, 2, 24576
0, 2, 24576
3, 20700, 24576
0, 2, 24576
0, 2, 24576
0, 2, 24576
3, 20700, 24576
0, 2, 24576
0, 2, 24576
0, 2, 24576
3, 20700, 24576
0, 2, 24576
0, 2, 24576
0, 2, 24576
4, 20700, 24576
0, 2, 24576
0, 2, 24576
0, 2, 24576
2, 20700, 24576
0, 2, 24576
0, 2, 24576
0, 2, 24576
3, 20700, 24576
0, 2, 24576
0, 2, 24576
0, 2, 24576
2, 20700, 24576
0, 2, 24576
0, 2, 24576
0, 2, 24576
2, 20700, 24576
0, 2, 24576
0, 2, 24576
0, 2, 24576
2, 20700, 24576
0, 2, 24576
0, 2, 24576
0, 2, 24576
3, 20700, 24576
0, 2, 24576
0, 2, 24576
0, 2, 24576
3, 20700, 24576
0, 2, 24576
0, 2, 24576
0, 2, 24576
3, 20648, 24576
0, 2, 24576
0, 2, 24576
0, 2, 24576
3, 20648, 24576
0, 2, 24576
0, 2, 24576
0, 2, 24576
2, 20648, 24576
0, 2, 24576
0, 2, 24576
0, 2, 24576
2, 20648, 24576
0, 2, 24576
0, 2, 24576
0, 2, 24576
2, 20648, 24576
0, 2, 24576
0, 2, 24576
0, 2, 24576
3, 20700, 24576
0, 2, 24576
0, 2, 24576
0, 2, 24576
3, 20700, 24576
0, 2, 24576
0, 2, 24576
0, 2, 24576
3, 20700, 24576
0, 2, 24576
0, 2, 24576
0, 2, 24576
3, 20700, 24576
0, 2, 24576
0, 2, 24576
0, 2, 24576
3, 20700, 24576
0, 2, 24576
0, 2, 24576
0, 2, 24576
3, 20700, 24576
0, 2, 24576
0, 2, 24576
0, 2, 24576
3, 20700, 24576
0, 2, 24576
0, 2, 24576
0, 2, 24576
3, 20700, 24576
0, 2, 24576
0, 2, 24576
0, 2, 24576
4, 20700, 24576
0, 2, 24576
0, 2, 24576
0, 2, 24576
3, 20700, 24576
0, 2, 24576
0, 2, 24576
0, 2, 24576
2, 20700, 24576
0, 2, 24576
0, 2, 24576
0, 2, 24576
3, 20700, 24576
0, 2, 24576
0, 2, 24576
0, 2, 24576
3, 20700, 24576
0, 2, 24576
0, 2, 24576
0, 2, 24576
41, 20648, 24576
0, 2, 24576
0, 2, 24576
0, 2, 24576
3, 20648, 24576
0, 2, 24576
0, 2, 24576
0, 2, 24576
2, 20648, 24576
0, 2, 24576
0, 2, 24576
0, 2, 24576
3, 20648, 24576
0, 2, 24576
0, 2, 24576
0, 2, 24576
3, 20648, 24576
0, 2, 24576
0, 2, 24576
0, 2, 24576
2, 20648, 24576
0, 2, 24576
0, 2, 24576
0, 2, 24576
2, 20700, 24576
0, 2, 24576
0, 2, 24576
0, 2, 24576
3, 20700, 24576
0, 2, 24576
0, 2, 24576
0, 2, 24576
3, 20700, 24576
0, 2, 24576
0, 2, 24576
0, 2, 24576
2, 20700, 24576
0, 2, 24576
0, 2, 24576
0, 2, 24576
3, 20700, 24576
0, 2, 24576
0, 2, 24576
0, 2, 24576
4, 20700, 24576
0, 2, 24576
0, 2, 24576
0, 2, 24576
2, 20700, 24576
0, 2, 24576
0, 2, 24576
0, 2, 24576
2, 20700, 24576
0, 2, 24576
0, 2, 24576
0, 2, 24576
3, 20700, 24576
0, 2, 24576
0, 2, 24576
0, 2, 24576
5, 20700, 24576
0, 2, 24576
0, 2, 24576
0, 2, 24576
41, 20700, 24576
0, 2, 24576
0, 2, 24576
0, 2, 24576
2, 20700, 24576
0, 2, 24576
0, 2, 24576
0, 2, 24576
3, 20700, 24576
0, 2, 24576
0, 2, 24576
0, 2, 24576
3, 20700, 24576
0, 2, 24576
0, 2, 24576
0, 2, 24576
2, 20700, 24576
0, 2, 24576
0, 2, 24576
0, 2, 24576
38, 20648, 24576
0, 2, 24576
0, 2, 24576
0, 2, 24576
1, 20648, 24576
0, 2, 24576
0, 2, 24576
0, 2, 24576
2, 20648, 24576
0, 2, 24576
0, 2, 24576
0, 2, 24576
2, 20648, 24576
0, 2, 24576
0, 2, 24576
0, 2, 24576
2, 20648, 24576
0, 2, 24576
0, 2, 24576
0, 2, 24576
1, 20648, 24576
0, 2, 24576
0, 2, 24576
0, 2, 24576
43, 20700, 24576
0, 2, 24576
0, 2, 24576
0, 2, 24576
3, 20700, 24576
0, 2, 24576
0, 2, 24576
0, 2, 24576
3, 20700, 24576
0, 2, 24576
0, 2, 24576
0, 2, 24576
2, 20700, 24576
0, 2, 24576
0, 2, 24576
0, 2, 24576
3, 20700, 24576
0, 2, 24576
0, 2, 24576
0, 2, 24576
3, 20700, 24576
0, 2, 24576
0, 2, 24576
0, 2, 24576
3, 20700, 24576
0, 2, 24576
0, 2, 24576
0, 2, 24576
3, 20700, 24576
0, 2, 24576
0, 2, 24576
0, 2, 24576
3, 20700, 24576
0, 2, 24576
0, 2, 24576
0, 2, 24576
3, 20700, 24576
0, 2, 24576
0, 2, 24576
0, 2, 24576
3, 20700, 24576
0, 2, 24576
0, 2, 24576
0, 2, 24576
2, 20700, 24576
0, 2, 24576
0, 2, 24576
0, 2, 24576
3, 20700, 24576
0, 2, 24576
0, 2, 24576
0, 2, 24576
2, 20700, 24576
0, 2, 24576
0, 2, 24576
0, 2, 24576
1, 20700, 24576
0, 2, 24576
0, 2, 24576
0, 2, 24576
3, 20700, 24576
0, 2, 24576
0, 2, 24576
0, 2, 24576
37, 20648, 24576
0, 2, 24576
0, 2, 24576
0, 2, 24576
3, 20648, 24576
0, 2, 24576
0, 2, 24576
0, 2, 24576
3, 20648, 24576
0, 2, 24576
0, 2, 24576
0, 2, 24576
1, 20648, 24576
0, 2, 24576
0, 2, 24576
0, 2, 24576
1, 20700, 24576
0, 2, 24576
0, 2, 24576
0, 2, 24576
3, 20700, 24576
0, 2, 24576
0, 2, 24576
0, 2, 24576
3, 20700, 24576
0, 2, 24576
0, 2, 24576
0, 2, 24576
3, 20700, 24576
0, 2, 24576
0, 2, 24576
0, 2, 24576
2, 20700, 24576
0, 2, 24576
0, 2, 24576
0, 2, 24576
3, 20700, 24576
0, 2, 24576
0, 2, 24576
0, 2, 24576
3, 20700, 24576
0, 2, 24576
0, 2, 24576
0, 2, 24576
2, 20700, 24576
0, 2, 24576
0, 2, 24576
0, 2, 24576
3, 20700, 24576
0, 2, 24576
0, 2, 24576
0, 2, 24576
3, 20700, 24576
0, 2, 24576
0, 2, 24576
0, 2, 24576
0, 20700, 24576
0, 2, 24576
0, 2, 24576
0, 2, 24576
3, 20700, 24576
0, 2, 24576
0, 2, 24576
0, 2, 24576
2, 20700, 24576
0, 2, 24576
0, 2, 24576
0, 2, 24576
3, 20700, 24576
0, 2, 24576
0, 2, 24576
0, 2, 24576
2, 20700, 24576
0, 2, 24576
0, 2, 24576
0, 2, 24576
2, 20648, 24576
0, 2, 24576
0, 2, 24576
0, 2, 24576
3, 20648, 24576
0, 2, 24576
0, 2, 24576
0, 2, 24576
3, 20648, 24576
0, 2, 24576
0, 2, 24576
0, 2, 24576
4, 20648, 24576
0, 2, 24576
0, 2, 24576
0, 2, 24576
2, 20648, 24576
0, 2, 24576
0, 2, 24576
0, 2, 24576
2, 20700, 24576
0, 2, 24576
0, 2, 24576
0, 2, 24576
2, 20700, 24576
0, 2, 24576
0, 2, 24576
0, 2, 24576
3, 20700, 24576
0, 2, 24576
0, 2, 24576
0, 2, 24576
3, 20700, 24576
0, 2, 24576
0, 2, 24576
0, 2, 24576
2, 20700, 24576
0, 2, 24576
0, 2, 24576
0, 2, 24576
1, 20258, 24576
0, 2, 24576
0, 2, 24576
0, 2, 24576
3, 20700, 24576
0, 2, 24576
0, 2, 24576
0, 2, 24576
4, 20700, 24576
0, 2, 24576
0, 2, 24576
0, 2, 24576
3, 20700, 24576
0, 2, 24576
0, 2, 24576
0, 2, 24576
3, 20700, 24576
0, 2, 24576
0, 2, 24576
0, 2, 24576
1, 20814, 24576
0, 2, 24576
0, 2, 24576
0, 2, 24576
3, 20700, 24576
0, 2, 24576
0, 2, 24576
0, 2, 24576
3, 20700, 24576
0, 2, 24576
0, 2, 24576
0, 2, 24576
4, 20700, 24576
0, 2, 24576
0, 2, 24576
0, 2, 24576
4, 20648, 24576
0, 2, 24576
0, 2, 24576
0, 2, 24576
53, 20700, 24576
0, 2, 24576
0, 2, 24576
0, 2, 24576
13, 21086, 24576
0, 2, 24576
0, 2, 24576
0, 2, 24576
28, 20700, 24576
0, 2, 24576
0, 2, 24576
0, 2, 24576
3, 20700, 24576
0, 2, 24576
0, 2, 24576
0, 2, 24576
10, 20648, 24576
0, 2, 24576
0, 2, 24576
0, 2, 24576
3, 20648, 24576
0, 2, 24576
0, 2, 24576
0, 2, 24576
2, 20648, 24576
0, 2, 24576
0, 2, 24576
0, 2, 24576
2, 20648, 24576
0, 2, 24576
0, 2, 24576
0, 2, 24576
3, 20648, 24576
0, 2, 24576
0, 2, 24576
0, 2, 24576
2, 20648, 24576
0, 2, 24576
0, 2, 24576
0, 2, 24576
2, 20700, 24576
0, 2, 24576
0, 2, 24576
0, 2, 24576
3, 20700, 24576
0, 2, 24576
0, 2, 24576
0, 2, 24576
3, 20700, 24576
0, 2, 24576
0, 2, 24576
0, 2, 24576
3, 20700, 24576
0, 2, 24576
0, 2, 24576
0, 2, 24576
4, 20700, 24576
0, 2, 24576
0, 2, 24576
0, 2, 24576
2, 20700, 24576
0, 2, 24576
0, 2, 24576
0, 2, 24576
3, 20700, 24576
0, 2, 24576
0, 2, 24576
0, 2, 24576
2, 20700, 24576
0, 2, 24576
0, 2, 24576
0, 2, 24576
2, 20700, 24576
0, 2, 24576
0, 2, 24576
0, 2, 24576
2, 20700, 24576
0, 2, 24576
0, 2, 24576
0, 2, 24576
4, 20700, 24576
0, 2, 24576
0, 2, 24576
0, 2, 24576
3, 20700, 24576
0, 2, 24576
0, 2, 24576
0, 2, 24576
2, 20700, 24576
0, 2, 24576
0, 2, 24576
0, 2, 24576
3, 20700, 24576
0, 2, 24576
0, 2, 24576
0, 2, 24576
3, 20700, 24576
0, 2, 24576
0, 2, 24576
0, 2, 24576
2, 20700, 24576
0, 2, 24576
0, 2, 24576
0, 2, 24576
30, 20648, 24576
0, 2, 24576
0, 2, 24576
0, 2, 24576
3, 20648, 24576
0, 2, 24576
0, 2, 24576
0, 2, 24576
2, 20648, 24576
0, 2, 24576
0, 2, 24576
0, 2, 24576
2, 20648, 24576
0, 2, 24576
0, 2, 24576
0, 2, 24576
2, 20778, 24576
0, 2, 24576
0, 2, 24576
0, 2, 24576
3, 20700, 24576
0, 2, 24576
0, 2, 24576
0, 2, 24576
3, 20700, 24576
0, 2, 24576
0, 2, 24576
0, 2, 24576
2, 20700, 24576
0, 2, 24576
0, 2, 24576
0, 2, 24576
3, 20700, 24576
0, 2, 24576
0, 2, 24576
0, 2, 24576
3, 20700, 24576
0, 2, 24576
0, 2, 24576
0, 2, 24576
3, 20700, 24576
0, 2, 24576
0, 2, 24576
0, 2, 24576
2, 20700, 24576
0, 2, 24576
0, 2, 24576
0, 2, 24576
3, 20700, 24576
0, 2, 24576
0, 2, 24576
0, 2, 24576
2, 20700, 24576
0, 2, 24576
0, 2, 24576
0, 2, 24576
4, 20700, 24576
0, 2, 24576
0, 2, 24576
0, 2, 24576
2, 20700, 24576
0, 2, 24576
0, 2, 24576
0, 2, 24576
3, 20700, 24576
0, 2, 24576
0, 2, 24576
0, 2, 24576
3, 20700, 24576
0, 2, 24576
0, 2, 24576
0, 2, 24576
3, 20648, 24576
0, 2, 24576
0, 2, 24576
0, 2, 24576
2, 20648, 24576
0, 2, 24576
0, 2, 24576
0, 2, 24576
3, 20648, 24576
0, 2, 24576
0, 2, 24576
0, 2, 24576
2, 20648, 24576
0, 2, 24576
0, 2, 24576
0, 2, 24576
3, 20648, 24576
0, 2, 24576
0, 2, 24576
0, 2, 24576
47, 20700, 24576
0, 2, 24576
0, 2, 24576
0, 2, 24576
2, 20700, 24576
0, 2, 24576
0, 2, 24576
0, 2, 24576
2, 20700, 24576
0, 2, 24576
0, 2, 24576
0, 2, 24576
3, 20700, 24576
0, 2, 24576
0, 2, 24576
0, 2, 24576
2, 20700, 24576
0, 2, 24576
0, 2, 24576
0, 2, 24576
3, 20700, 24576
0, 2, 24576
0, 2, 24576
0, 2, 24576
2, 20700, 24576
0, 2, 24576
0, 2, 24576
0, 2, 24576
3, 20700, 24576
0, 2, 24576
0, 2, 24576
0, 2, 24576
3, 20700, 24576
0, 2, 24576
0, 2, 24576
0, 2, 24576
3, 20700, 24576
0, 2, 24576
0, 2, 24576
0, 2, 24576
2, 20700, 24576
0, 2, 24576
0, 2, 24576
0, 2, 24576
3, 20700, 24576
0, 2, 24576
0, 2, 24576
0, 2, 24576
3, 20700, 24576
0, 2, 24576
0, 2, 24576
0, 2, 24576
3, 20700, 24576
0, 2, 24576
0, 2, 24576
0, 2, 24576
3, 20700, 24576
0, 2, 24576
0, 2, 24576
0, 2, 24576
3, 20700, 24576
0, 2, 24576
0, 2, 24576
0, 2, 24576
3, 20700, 24576
0, 2, 24576
0, 2, 24576
0, 2, 24576
2, 20648, 24576
0, 2, 24576
0, 2, 24576
0, 2, 24576
2, 20648, 24576
0, 2, 24576
0, 2, 24576
0, 2, 24576
1, 20648, 24576
0, 2, 24576
0, 2, 24576
0, 2, 24576
3, 20648, 24576
0, 2, 24576
0, 2, 24576
0, 2, 24576
3, 20648, 24576
0, 2, 24576
0, 2, 24576
0, 2, 24576
1, 20700, 24576
0, 2, 24576
0, 2, 24576
0, 2, 24576
3, 20700, 24576
0, 2, 24576
0, 2, 24576
0, 2, 24576
3, 20700, 24576
0, 2, 24576
0, 2, 24576
0, 2, 24576
3, 20700, 24576
0, 2, 24576
0, 2, 24576
0, 2, 24576
3, 20700, 24576
0, 2, 24576
0, 2, 24576
0, 2, 24576
3, 20700, 24576
0, 2, 24576
0, 2, 24576
0, 2, 24576
38, 20700, 24576
0, 2, 24576
0, 2, 24576
0, 2, 24576
3, 20700, 24576
0, 2, 24576
0, 2, 24576
0, 2, 24576
1, 20700, 24576
0, 2, 24576
0, 2, 24576
0, 2, 24576
2, 20700, 24576
0, 2, 24576
0, 2, 24576
0, 2, 24576
3, 20700, 24576
0, 2, 24576
0, 2, 24576
0, 2, 24576
3, 20700, 24576
0, 2, 24576
0, 2, 24576
0, 2, 24576
49, 20700, 24576
0, 2, 24576
0, 2, 24576
0, 2, 24576
2, 20700, 24576
0, 2, 24576
0, 2, 24576
0, 2, 24576
2, 20700, 24576
0, 2, 24576
0, 2, 24576
0, 2, 24576
2, 20700, 24576
0, 2, 24576
0, 2, 24576
0, 2, 24576
2, 20700, 24576
0, 2, 24576
0, 2, 24576
0, 2, 24576
3, 20700, 24576
0, 2, 24576
0, 2, 24576
0, 2, 24576
8, 20648, 24576
0, 2, 24576
0, 2, 24576
0, 2, 24576
2, 20648, 24576
0, 2, 24576
0, 2, 24576
0, 2, 24576
2, 20648, 24576
0, 2, 24576
0, 2, 24576
0, 2, 24576
2, 20648, 24576
0, 2, 24576
0, 2, 24576
0, 2, 24576
1, 20648, 24576
0, 2, 24576
0, 2, 24576
0, 2, 24576
2, 20648, 24576
0, 2, 24576
0, 2, 24576
0, 2, 24576
4, 20700, 24576
0, 2, 24576
0, 2, 24576
0, 2, 24576
3, 20700, 24576
0, 2, 24576
0, 2, 24576
0, 2, 24576
3, 20700, 24576
0, 2, 24576
0, 2, 24576
0, 2, 24576
2, 20700, 24576
0, 2, 24576
0, 2, 24576
0, 2, 24576
3, 20700, 24576
0, 2, 24576
0, 2, 24576
0, 2, 24576
3, 20700, 24576
0, 2, 24576
0, 2, 24576
0, 2, 24576
3, 20700, 24576
0, 2, 24576
0, 2, 24576
0, 2, 24576
3, 20700, 24576
0, 2, 24576
0, 2, 24576
0, 2, 24576
3, 20700, 24576
0, 2, 24576
0, 2, 24576
0, 2, 24576
2, 20700, 24576
0, 2, 24576
0, 2, 24576
0, 2, 24576
3, 20700, 24576
0, 2, 24576
0, 2, 24576
0, 2, 24576
20, 20700, 24576
0, 2, 24576
0, 2, 24576
0, 2, 24576
2, 20700, 24576
0, 2, 24576
0, 2, 24576
0, 2, 24576
3, 20700, 24576
0, 2, 24576
0, 2, 24576
0, 2, 24576
4, 20700, 24576
0, 2, 24576
0, 2, 24576
0, 2, 24576
3, 20700, 24576
0, 2, 24576
0, 2, 24576
0, 2, 24576
2, 20700, 24576
0, 2, 24576
0, 2, 24576
0, 2, 24576
31, 20648, 24576
0, 2, 24576
0, 2, 24576
0, 2, 24576
3, 20648, 24576
0, 2, 24576
0, 2, 24576
0, 2, 24576
2, 20648, 24576
0, 2, 24576
0, 2, 24576
0, 2, 24576
2, 20648, 24576
0, 2, 24576
0, 2, 24576
0, 2, 24576
2, 20648, 24576
0, 2, 24576
0, 2, 24576
0, 2, 24576
3, 20648, 24576
0, 2, 24576
0, 2, 24576
0, 2, 24576
2, 20700, 24576
0, 2, 24576
0, 2, 24576
0, 2, 24576
3, 20700, 24576
0, 2, 24576
0, 2, 24576
0, 2, 24576
3, 20700, 24576
0, 2, 24576
0, 2, 24576
0, 2, 24576
3, 20700, 24576
0, 2, 24576
0, 2, 24576
0, 2, 24576
3, 20700, 24576
0, 2, 24576
0, 2, 24576
0, 2, 24576
2, 20700, 24576
0, 2, 24576
0, 2, 24576
0, 2, 24576
2, 20700, 24576
0, 2, 24576
0, 2, 24576
0, 2, 24576
3, 20700, 24576
0, 2, 24576
0, 2, 24576
0, 2, 24576
3, 20700, 24576
0, 2, 24576
0, 2, 24576
0, 2, 24576
4, 20700, 24576
0, 2, 24576
0, 2, 24576
0, 2, 24576
3, 20700, 24576
0, 2, 24576
0, 2, 24576
0, 2, 24576
3, 20700, 24576
0, 2, 24576
0, 2, 24576
0, 2, 24576
3, 20700, 24576
0, 2, 24576
0, 2, 24576
0, 2, 24576
3, 20648, 24576
0, 2, 24576
0, 2, 24576
0, 2, 24576
2, 20648, 24576
0, 2, 24576
0, 2, 24576
0, 2, 24576
2, 20648, 24576
0, 2, 24576
0, 2, 24576
0, 2, 24576
3, 20648, 24576
0, 2, 24576
0, 2, 24576
0, 2, 24576
3, 20648, 24576
0, 2, 24576
0, 2, 24576
0, 2, 24576
4, 20700, 24576
0, 2, 24576
0, 2, 24576
0, 2, 24576
3, 20700, 24576
0, 2, 24576
0, 2, 24576
0, 2, 24576
4, 20700, 24576
0, 2, 24576
0, 2, 24576
0, 2, 24576
2, 20700, 24576
0, 2, 24576
0, 2, 24576
0, 2, 24576
3, 20894, 24576
0, 2, 24576
0, 2, 24576
0, 2, 24576
3, 20700, 24576
0, 2, 24576
0, 2, 24576
0, 2, 24576
3, 20700, 24576
0, 2, 24576
0, 2, 24576
0, 2, 24576
3, 20700, 24576
0, 2, 24576
0, 2, 24576
0, 2, 24576
3, 20700, 24576
0, 2, 24576
0, 2, 24576
0, 2, 24576
2, 20700, 24576
0, 2, 24576
0, 2, 24576
0, 2, 24576
2, 20700, 24576
0, 2, 24576
0, 2, 24576
0, 2, 24576
3, 20700, 24576
0, 2, 24576
0, 2, 24576
0, 2, 24576
3, 20700, 24576
0, 2, 24576
0, 2, 24576
0, 2, 24576
3, 20700, 24576
0, 2, 24576
0, 2, 24576
0, 2, 24576
3, 20700, 24576
0, 2, 24576
0, 2, 24576
0, 2, 24576
3, 20700, 24576
0, 2, 24576
0, 2, 24576
0, 2, 24576
2, 20648, 24576
0, 2, 24576
0, 2, 24576
0, 2, 24576
3, 20648, 24576
0, 2, 24576
0, 2, 24576
0, 2, 24576
3, 20648, 24576
0, 2, 24576
0, 2, 24576
0, 2, 24576
2, 20648, 24576
0, 2, 24576
0, 2, 24576
0, 2, 24576
2, 20648, 24576
0, 2, 24576
0, 2, 24576
0, 2, 24576
47, 20700, 24576
0, 2, 24576
0, 2, 24576
0, 2, 24576
4, 20700, 24576
0, 2, 24576
0, 2, 24576
0, 2, 24576
3, 20700, 24576
0, 2, 24576
0, 2, 24576
0, 2, 24576
3, 20700, 24576
0, 2, 24576
0, 2, 24576
0, 2, 24576
3, 20700, 24576
0, 2, 24576
0, 2, 24576
0, 2, 24576
3, 20700, 24576
0, 2, 24576
0, 2, 24576
0, 2, 24576
3, 20700, 24576
0, 2, 24576
0, 2, 24576
0, 2, 24576
2, 20700, 24576
0, 2, 24576
0, 2, 24576
0, 2, 24576
3, 20700, 24576
0, 2, 24576
0, 2, 24576
0, 2, 24576
3, 20700, 24576
0, 2, 24576
0, 2, 24576
0, 2, 24576
3, 20700, 24576
0, 2, 24576
0, 2, 24576
0, 2, 24576
3, 20700, 24576
0, 2, 24576
0, 2, 24576
0, 2, 24576
2, 20700, 24576
0, 2, 24576
0, 2, 24576
0, 2, 24576
4, 20700, 24576
0, 2, 24576
0, 2, 24576
0, 2, 24576
3, 21256, 24576
0, 2, 24576
0, 2, 24576
0, 2, 24576
3, 20648, 24576
0, 2, 24576
0, 2, 24576
0, 2, 24576
3, 20648, 24576
0, 2, 24576
0, 2, 24576
0, 2, 24576
1, 20648, 24576
0, 2, 24576
0, 2, 24576
0, 2, 24576
1, 20648, 24576
0, 2, 24576
0, 2, 24576
0, 2, 24576
2, 20648, 24576
0, 2, 24576
0, 2, 24576
0, 2, 24576
4, 20700, 24576
0, 2, 24576
0, 2, 24576
0, 2, 24576
2, 20700, 24576
0, 2, 24576
0, 2, 24576
0, 2, 24576
3, 20700, 24576
0, 2, 24576
0, 2, 24576
0, 2, 24576
2, 20700, 24576
0, 2, 24576
0, 2, 24576
0, 2, 24576
2, 20700, 24576
0, 2, 24576
0, 2, 24576
0, 2, 24576
14, 20700, 24576
0, 2, 24576
0, 2, 24576
0, 2, 24576
2, 20700, 24576
0, 2, 24576
0, 2, 24576
0, 2, 24576
3, 20700, 24576
0, 2, 24576
0, 2, 24576
0, 2, 24576
1, 20700, 24576
0, 2, 24576
0, 2, 24576
0, 2, 24576
2, 20700, 24576
0, 2, 24576
0, 2, 24576
0, 2, 24576
39, 20700, 24576
0, 2, 24576
0, 2, 24576
0, 2, 24576
2, 20700, 24576
0, 2, 24576
0, 2, 24576
0, 2, 24576
3, 20700, 24576
0, 2, 24576
0, 2, 24576
0, 2, 24576
2, 20700, 24576
0, 2, 24576
0, 2, 24576
0, 2, 24576
2, 20700, 24576
0, 2, 24576
0, 2, 24576
0, 2, 24576
3, 20700, 24576
0, 2, 24576
0, 2, 24576
0, 2, 24576
7, 20648, 24576
0, 2, 24576
0, 2, 24576
0, 2, 24576
2, 20648, 24576
0, 2, 24576
0, 2, 24576
0, 2, 24576
1, 20648, 24576
0, 2, 24576
0, 2, 24576
0, 2, 24576
2, 20648, 24576
0, 2, 24576
0, 2, 24576
0, 2, 24576
2, 20648, 24576
0, 2, 24576
0, 2, 24576
0, 2, 24576
2, 20648, 24576
0, 2, 24576
0, 2, 24576
0, 2, 24576
2, 20648, 24576
0, 2, 24576
0, 2, 24576
0, 2, 24576
3, 20700, 24576
0, 2, 24576
0, 2, 24576
0, 2, 24576
3, 20700, 24576
0, 2, 24576
0, 2, 24576
0, 2, 24576
3, 20700, 24576
0, 2, 24576
0, 2, 24576
0, 2, 24576
3, 20700, 24576
0, 2, 24576
0, 2, 24576
0, 2, 24576
3, 20790, 24576
0, 2, 24576
0, 2, 24576
0, 2, 24576
3, 20700, 24576
0, 2, 24576
0, 2, 24576
0, 2, 24576
2, 20700, 24576
0, 2, 24576
0, 2, 24576
0, 2, 24576
3, 20700, 24576
0, 2, 24576
0, 2, 24576
0, 2, 24576
3, 20700, 24576
0, 2, 24576
0, 2, 24576
0, 2, 24576
3, 20700, 24576
0, 2, 24576
0, 2, 24576
0, 2, 24576
38, 20700, 24576
0, 2, 24576
0, 2, 24576
0, 2, 24576
3, 20700, 24576
0, 2, 24576
0, 2, 24576
0, 2, 24576
3, 20700, 24576
0, 2, 24576
0, 2, 24576
0, 2, 24576
3, 20700, 24576
0, 2, 24576
0, 2, 24576
0, 2, 24576
3, 20700, 24576
0, 2, 24576
0, 2, 24576
0, 2, 24576
29, 20648, 24576
0, 2, 24576
0, 2, 24576
0, 2, 24576
2, 20648, 24576
0, 2, 24576
0, 2, 24576
0, 2, 24576
1, 20648, 24576
0, 2, 24576
0, 2, 24576
0, 2, 24576
2, 20648, 24576
0, 2, 24576
0, 2, 24576
0, 2, 24576
1, 20648, 24576
0, 2, 24576
0, 2, 24576
0, 2, 24576
2, 20648, 24576
0, 2, 24576
0, 2, 24576
0, 2, 24576
2, 20700, 24576
0, 2, 24576
0, 2, 24576
0, 2, 24576
4, 20700, 24576
0, 2, 24576
0, 2, 24576
0, 2, 24576
3, 20700, 24576
0, 2, 24576
0, 2, 24576
0, 2, 24576
2, 20700, 24576
0, 2, 24576
0, 2, 24576
0, 2, 24576
3, 20700, 24576
0, 2, 24576
0, 2, 24576
0, 2, 24576
2, 20700, 24576
0, 2, 24576
0, 2, 24576
0, 2, 24576
4, 20700, 24576
0, 2, 24576
0, 2, 24576
0, 2, 24576
3, 20700, 24576
0, 2, 24576
0, 2, 24576
0, 2, 24576
3, 20700, 24576
0, 2, 24576
0, 2, 24576
0, 2, 24576
2, 20700, 24576
0, 2, 24576
0, 2, 24576
0, 2, 24576
3, 20700, 24576
0, 2, 24576
0, 2, 24576
0, 2, 24576
49, 20700, 24576
0, 2, 24576
0, 2, 24576
0, 2, 24576
3, 20700, 24576
0, 2, 24576
0, 2, 24576
0, 2, 24576
3, 20700, 24576
0, 2, 24576
0, 2, 24576
0, 2, 24576
3, 20700, 24576
0, 2, 24576
0, 2, 24576
0, 2, 24576
2, 20700, 24576
0, 2, 24576
0, 2, 24576
0, 2, 24576
2, 20700, 24576
0, 2, 24576
0, 2, 24576
0, 2, 24576
2, 20648, 24576
0, 2, 24576
0, 2, 24576
0, 2, 24576
2, 20648, 24576
0, 2, 24576
0, 2, 24576
0, 2, 24576
2, 20648, 24576
0, 2, 24576
0, 2, 24576
0, 2, 24576
3, 20648, 24576
0, 2, 24576
0, 2, 24576
0, 2, 24576
3, 20648, 24576
0, 2, 24576
0, 2, 24576
0, 2, 24576
37, 20700, 24576
0, 2, 24576
0, 2, 24576
0, 2, 24576
4, 20700, 24576
0, 2, 24576
0, 2, 24576
0, 2, 24576
3, 20700, 24576
0, 2, 24576
0, 2, 24576
0, 2, 24576
3, 20700, 24576
0, 2, 24576
0, 2, 24576
0, 2, 24576
3, 20700, 24576
0, 2, 24576
0, 2, 24576
0, 2, 24576
25, 20700, 24576
0, 2, 24576
0, 2, 24576
0, 2, 24576
3, 20700, 24576
0, 2, 24576
0, 2, 24576
0, 2, 24576
2, 20700, 24576
0, 2, 24576
0, 2, 24576
0, 2, 24576
3, 20700, 24576
0, 2, 24576
0, 2, 24576
0, 2, 24576
3, 20700, 24576
0, 2, 24576
0, 2, 24576
0, 2, 24576
3, 20700, 24576
0, 2, 24576
0, 2, 24576
0, 2, 24576
36, 20700, 24576
0, 2, 24576
0, 2, 24576
0, 2, 24576
2, 20700, 24576
0, 2, 24576
0, 2, 24576
0, 2, 24576
2, 20700, 24576
0, 2, 24576
0, 2, 24576
0, 2, 24576
3, 20700, 24576
0, 2, 24576
0, 2, 24576
0, 2, 24576
2, 20700, 24576
0, 2, 24576
0, 2, 24576
0, 2, 24576
3, 20700, 24576
0, 2, 24576
0, 2, 24576
0, 2, 24576
49, 20648, 24576
0, 2, 24576
0, 2, 24576
0, 2, 24576
2, 20648, 24576
0, 2, 24576
0, 2, 24576
0, 2, 24576
1, 20648, 24576
0, 2, 24576
0, 2, 24576
0, 2, 24576
1, 20648, 24576
0, 2, 24576
0, 2, 24576
0, 2, 24576
3, 20648, 24576
0, 2, 24576
0, 2, 24576
0, 2, 24576
3, 20648, 24576
0, 2, 24576
0, 2, 24576
0, 2, 24576
5, 20700, 24576
0, 2, 24576
0, 2, 24576
0, 2, 24576
4, 20700, 24576
0, 2, 24576
0, 2, 24576
0, 2, 24576
3, 20700, 24576
0, 2, 24576
0, 2, 24576
0, 2, 24576
3, 20700, 24576
0, 2, 24576
0, 2, 24576
0, 2, 24576
3, 20692, 24576
0, 2, 24576
0, 2, 24576
0, 2, 24576
3, 20700, 24576
0, 2, 24576
0, 2, 24576
0, 2, 24576
3, 20700, 24576
0, 2, 24576
0, 2, 24576
0, 2, 24576
3, 20700, 24576
0, 2, 24576
0, 2, 24576
0, 2, 24576
3, 20700, 24576
0, 2, 24576
0, 2, 24576
0, 2, 24576
3, 20700, 24576
0, 2, 24576
0, 2, 24576
0, 2, 24576
29, 20700, 24576
0, 2, 24576
0, 2, 24576
0, 2, 24576
2, 20700, 24576
0, 2, 24576
0, 2, 24576
0, 2, 24576
3, 20700, 24576
0, 2, 24576
0, 2, 24576
0, 2, 24576
3, 20700, 24576
0, 2, 24576
0, 2, 24576
0, 2, 24576
3, 20700, 24576
0, 2, 24576
0, 2, 24576
0, 2, 24576
3, 20700, 24576
0, 2, 24576
0, 2, 24576
0, 2, 24576
2, 20648, 24576
0, 2, 24576
0, 2, 24576
0, 2, 24576
3, 20648, 24576
0, 2, 24576
0, 2, 24576
0, 2, 24576
2, 20648, 24576
0, 2, 24576
0, 2, 24576
0, 2, 24576
2, 20648, 24576
0, 2, 24576
0, 2, 24576
0, 2, 24576
3, 20648, 24576
0, 2, 24576
0, 2, 24576
0, 2, 24576
2, 20700, 24576
0, 2, 24576
0, 2, 24576
0, 2, 24576
3, 20700, 24576
0, 2, 24576
0, 2, 24576
0, 2, 24576
2, 20700, 24576
0, 2, 24576
0, 2, 24576
0, 2, 24576
3, 20700, 24576
0, 2, 24576
0, 2, 24576
0, 2, 24576
3, 20700, 24576
0, 2, 24576
0, 2, 24576
0, 2, 24576
3, 20682, 24576
0, 2, 24576
0, 2, 24576
0, 2, 24576
2, 20700, 24576
0, 2, 24576
0, 2, 24576
0, 2, 24576
3, 20700, 24576
0, 2, 24576
0, 2, 24576
0, 2, 24576
3, 20700, 24576
0, 2, 24576
0, 2, 24576
0, 2, 24576
2, 20700, 24576
0, 2, 24576
0, 2, 24576
0, 2, 24576
4, 20700, 24576
0, 2, 24576
0, 2, 24576
0, 2, 24576
3, 20700, 24576
0, 2, 24576
0, 2, 24576
0, 2, 24576
3, 20700, 24576
0, 2, 24576
0, 2, 24576
0, 2, 24576
3, 20700, 24576
0, 2, 24576
0, 2, 24576
0, 2, 24576
2, 20700, 24576
0, 2, 24576
0, 2, 24576
0, 2, 24576
3, 20700, 24576
0, 2, 24576
0, 2, 24576
0, 2, 24576
3, 20648, 24576
0, 2, 24576
0, 2, 24576
0, 2, 24576
2, 20648, 24576
0, 2, 24576
0, 2, 24576
0, 2, 24576
2, 20648, 24576
0, 2, 24576
0, 2, 24576
0, 2, 24576
3, 20648, 24576
0, 2, 24576
0, 2, 24576
0, 2, 24576
2, 20648, 24576
0, 2, 24576
0, 2, 24576
0, 2, 24576
2, 20648, 24576
0, 2, 24576
0, 2, 24576
0, 2, 24576
3, 20700, 24576
0, 2, 24576
0, 2, 24576
0, 2, 24576
2, 20700, 24576
0, 2, 24576
0, 2, 24576
0, 2, 24576
2, 20700, 24576
0, 2, 24576
0, 2, 24576
0, 2, 24576
3, 20700, 24576
0, 2, 24576
0, 2, 24576
0, 2, 24576
2, 20700, 24576
0, 2, 24576
0, 2, 24576
0, 2, 24576
50, 20700, 24576
0, 2, 24576
0, 2, 24576
0, 2, 24576
2, 20700, 24576
0, 2, 24576
0, 2, 24576
0, 2, 24576
3, 20700, 24576
0, 2, 24576
0, 2, 24576
0, 2, 24576
3, 20700, 24576
0, 2, 24576
0, 2, 24576
0, 2, 24576
3, 20700, 24576
0, 2, 24576
0, 2, 24576
0, 2, 24576
3, 20700, 24576
0, 2, 24576
0, 2, 24576
0, 2, 24576
4, 20700, 24576
0, 2, 24576
0, 2, 24576
0, 2, 24576
2, 20700, 24576
0, 2, 24576
0, 2, 24576
0, 2, 24576
3, 20700, 24576
0, 2, 24576
0, 2, 24576
0, 2, 24576
3, 20700, 24576
0, 2, 24576
0, 2, 24576
0, 2, 24576
3, 20648, 24576
0, 2, 24576
0, 2, 24576
0, 2, 24576
3, 20648, 24576
0, 2, 24576
0, 2, 24576
0, 2, 24576
2, 20648, 24576
0, 2, 24576
0, 2, 24576
0, 2, 24576
3, 20648, 24576
0, 2, 24576
0, 2, 24576
0, 2, 24576
3, 20648, 24576
0, 2, 24576
0, 2, 24576
0, 2, 24576
47, 20700, 24576
0, 2, 24576
0, 2, 24576
0, 2, 24576
3, 20700, 24576
0, 2, 24576
0, 2, 24576
0, 2, 24576
3, 20700, 24576
0, 2, 24576
0, 2, 24576
0, 2, 24576
5, 20700, 24576
0, 2, 24576
0, 2, 24576
0, 2, 24576
31, 20700, 24576
0, 2, 24576
0, 2, 24576
0, 2, 24576
3, 20700, 24576
0, 2, 24576
0, 2, 24576
0, 2, 24576
3, 20700, 24576
0, 2, 24576
0, 2, 24576
0, 2, 24576
3, 20700, 24576
0, 2, 24576
0, 2, 24576
0, 2, 24576
3, 20700, 24576
0, 2, 24576
0, 2, 24576
0, 2, 24576
2, 20700, 24576
0, 2, 24576
0, 2, 24576
0, 2, 24576
4, 20700, 24576
0, 2, 24576
0, 2, 24576
0, 2, 24576
3, 20700, 24576
0, 2, 24576
0, 2, 24576
0, 2, 24576
3, 20700, 24576
0, 2, 24576
0, 2, 24576
0, 2, 24576
3, 20700, 24576
0, 2, 24576
0, 2, 24576
0, 2, 24576
3, 20854, 24576
0, 2, 24576
0, 2, 24576
0, 2, 24576
2, 20648, 24576
0, 2, 24576
0, 2, 24576
0, 2, 24576
2, 20648, 24576
0, 2, 24576
0, 2, 24576
0, 2, 24576
2, 20648, 24576
0, 2, 24576
0, 2, 24576
0, 2, 24576
2, 20648, 24576
0, 2, 24576
0, 2, 24576
0, 2, 24576
37, 20700, 24576
0, 2, 24576
0, 2, 24576
0, 2, 24576
3, 20700, 24576
0, 2, 24576
0, 2, 24576
0, 2, 24576
3, 20700, 24576
0, 2, 24576
0, 2, 24576
0, 2, 24576
3, 20700, 24576
0, 2, 24576
0, 2, 24576
0, 2, 24576
3, 21216, 24576
0, 2, 24576
0, 2, 24576
0, 2, 24576
3, 20700, 24576
0, 2, 24576
0, 2, 24576
0, 2, 24576
3, 20700, 24576
0, 2, 24576
0, 2, 24576
0, 2, 24576
3, 20700, 24576
0, 2, 24576
0, 2, 24576
0, 2, 24576
3, 20700, 24576
0, 2, 24576
0, 2, 24576
0, 2, 24576
3, 21022, 24576
0, 2, 24576
0, 2, 24576
0, 2, 24576
3, 20648, 24576
0, 2, 24576
0, 2, 24576
0, 2, 24576
2, 20648, 24576
0, 2, 24576
0, 2, 24576
0, 2, 24576
2, 20648, 24576
0, 2, 24576
0, 2, 24576
0, 2, 24576
2, 20648, 24576
0, 2, 24576
0, 2, 24576
0, 2, 24576
1, 20648, 24576
0, 2, 24576
0, 2, 24576
0, 2, 24576
2, 20700, 24576
0, 2, 24576
0, 2, 24576
0, 2, 24576
3, 20700, 24576
0, 2, 24576
0, 2, 24576
0, 2, 24576
3, 20700, 24576
0, 2, 24576
0, 2, 24576
0, 2, 24576
3, 20700, 24576
0, 2, 24576
0, 2, 24576
0, 2, 24576
2, 20700, 24576
0, 2, 24576
0, 2, 24576
0, 2, 24576
4, 20700, 24576
0, 2, 24576
0, 2, 24576
0, 2, 24576
2, 20700, 24576
0, 2, 24576
0, 2, 24576
0, 2, 24576
3, 20700, 24576
0, 2, 24576
0, 2, 24576
0, 2, 24576
3, 20700, 24576
0, 2, 24576
0, 2, 24576
0, 2, 24576
3, 20700, 24576
0, 2, 24576
0, 2, 24576
0, 2, 24576
3, 20700, 24576
0, 2, 24576
0, 2, 24576
0, 2, 24576
3, 20700, 24576
0, 2, 24576
0, 2, 24576
0, 2, 24576
3, 20700, 24576
0, 2, 24576
0, 2, 24576
0, 2, 24576
3, 20700, 24576
0, 2, 24576
0, 2, 24576
0, 2, 24576
3, 20648, 24576
0, 2, 24576
0, 2, 24576
0, 2, 24576
2, 20648, 24576
0, 2, 24576
0, 2, 24576
0, 2, 24576
3, 20648, 24576
0, 2, 24576
0, 2, 24576
0, 2, 24576
3, 20648, 24576
0, 2, 24576
0, 2, 24576
0, 2, 24576
3, 20632, 24576
0, 2, 24576
0, 2, 24576
0, 2, 24576
4, 20700, 24576
0, 2, 24576
0, 2, 24576
0, 2, 24576
4, 20700, 24576
0, 2, 24576
0, 2, 24576
0, 2, 24576
3, 20700, 24576
0, 2, 24576
0, 2, 24576
0, 2, 24576
4, 20700, 24576
0, 2, 24576
0, 2, 24576
0, 2, 24576
2, 20700, 24576
0, 2, 24576
0, 2, 24576
0, 2, 24576
3, 20700, 24576
0, 2, 24576
0, 2, 24576
0, 2, 24576
3, 20700, 24576
0, 2, 24576
0, 2, 24576
0, 2, 24576
3, 20700, 24576
0, 2, 24576
0, 2, 24576
0, 2, 24576
3, 20700, 24576
0, 2, 24576
0, 2, 24576
0, 2, 24576
4, 20700, 24576
0, 2, 24576
0, 2, 24576
0, 2, 24576
3, 20700, 24576
0, 2, 24576
0, 2, 24576
0, 2, 24576
3, 20700, 24576
0, 2, 24576
0, 2, 24576
0, 2, 24576
3, 20700, 24576
0, 2, 24576
0, 2, 24576
0, 2, 24576
3, 20700, 24576
0, 2, 24576
0, 2, 24576
0, 2, 24576
1, 20648, 24576
0, 2, 24576
0, 2, 24576
0, 2, 24576
2, 20648, 24576
0, 2, 24576
0, 2, 24576
0, 2, 24576
3, 20648, 24576
0, 2, 24576
0, 2, 24576
0, 2, 24576
4, 20648, 24576
0, 2, 24576
0, 2, 24576
0, 2, 24576
3, 20642, 24576
0, 2, 24576
0, 2, 24576
0, 2, 24576
3, 20700, 24576
0, 2, 24576
0, 2, 24576
0, 2, 24576
3, 20700, 24576
0, 2, 24576
0, 2, 24576
0, 2, 24576
3, 20700, 24576
0, 2, 24576
0, 2, 24576
0, 2, 24576
3, 20700, 24576
0, 2, 24576
0, 2, 24576
0, 2, 24576
49, 20700, 24576
0, 2, 24576
0, 2, 24576
0, 2, 24576
3, 20700, 24576
0, 2, 24576
0, 2, 24576
0, 2, 24576
3, 20700, 24576
0, 2, 24576
0, 2, 24576
0, 2, 24576
3, 20700, 24576
0, 2, 24576
0, 2, 24576
0, 2, 24576
3, 20700, 24576
0, 2, 24576
0, 2, 24576
0, 2, 24576
2, 20700, 24576
0, 2, 24576
0, 2, 24576
0, 2, 24576
3, 20700, 24576
0, 2, 24576
0, 2, 24576
0, 2, 24576
3, 20700, 24576
0, 2, 24576
0, 2, 24576
0, 2, 24576
4, 20700, 24576
0, 2, 24576
0, 2, 24576
0, 2, 24576
3, 20700, 24576
0, 2, 24576
0, 2, 24576
0, 2, 24576
3, 20700, 24576
0, 2, 24576
0, 2, 24576
0, 2, 24576
3, 20648, 24576
0, 2, 24576
0, 2, 24576
0, 2, 24576
2, 20648, 24576
0, 2, 24576
0, 2, 24576
0, 2, 24576
5, 20648, 24576
0, 2, 24576
0, 2, 24576
0, 2, 24576
2, 20648, 24576
0, 2, 24576
0, 2, 24576
0, 2, 24576
47, 20700, 24576
0, 2, 24576
0, 2, 24576
0, 2, 24576
2, 20700, 24576
0, 2, 24576
0, 2, 24576
0, 2, 24576
