0, 2, 24576
0, 2, 24576
0, 2, 24576
0, 2, 24576
0, 2, 24576
0, 2, 24576
0, 2, 24576
0, 2, 24576
0, 2, 24576
0, 2, 24576
0, 2, 24576
0, 2, 24576
0, 2, 24576
0, 2, 24576
0, 2, 24576
0, 2, 24576
0, 2, 24576
0, 2, 24576
0, 2, 24576
0, 2, 24576
0, 2, 24576
0, 2, 24576
0, 2, 24576
0, 2, 24576
0, 2, 24576
0, 2, 24576
0, 2, 24576
0, 2, 24576
0, 2, 24576
0, 2, 24576
0, 2, 24576
0, 2, 24576
0, 5, 24576
0, 2, 24576
0, 2, 24576
0, 2, 24576
0, 5, 24576
0, 2, 24576
0, 2, 24576
0, 2, 24576
0, 264, 24576
0, 2, 24576
0, 2, 24576
0, 2, 24576
0, 264, 24576
0, 2, 24576
0, 2, 24576
0, 2, 24576
0, 264, 24576
0, 2, 24576
0, 2, 24576
0, 2, 24576
0, 264, 24576
0, 2, 24576
0, 2, 24576
0, 2, 24576
0, 264, 24576
0, 2, 24576
0, 2, 24576
0, 2, 24576
0, 264, 24576
0, 2, 24576
0, 2, 24576
0, 2, 24576
0, 264, 24576
0, 2, 24576
0, 2, 24576
0, 2, 24576
0, 264, 24576
0, 2, 24576
0, 2, 24576
0, 2, 24576
0, 264, 24576
0, 2, 24576
0, 2, 24576
0, 2, 24576
0, 264, 24576
0, 2, 24576
0, 2, 24576
0, 2, 24576
3, 526, 24576
0, 2, 24576
0, 2, 24576
0, 2, 24576
0, 19918, 24576
0, 2, 24576
0, 2, 24576
0, 2, 24576
0, 19990, 24576
0, 2, 24576
0, 2, 24576
0, 2, 24576
0, 19990, 24576
0, 2, 24576
0, 2, 24576
0, 2, 24576
0, 19990, 24576
0, 2, 24576
0, 2, 24576
0, 2, 24576
0, 21706, 24576
0, 2, 24576
0, 2, 24576
0, 2, 24576
0, 19990, 24576
0, 2, 24576
0, 2, 24576
0, 2, 24576
0, 2, 24576
0, 2, 24576
0, 2, 24576
0, 2, 24576
